[2025-06-20T01:42:12.680+0000] {processor.py:161} INFO - Started process (PID=4122) to work on /home/kmh/de_basic/airflow/dags/web_crawling_to_csv.py
[2025-06-20T01:42:12.681+0000] {processor.py:830} INFO - Processing file /home/kmh/de_basic/airflow/dags/web_crawling_to_csv.py for tasks to queue
[2025-06-20T01:42:12.682+0000] {logging_mixin.py:188} INFO - [2025-06-20T01:42:12.681+0000] {dagbag.py:538} INFO - Filling up the DagBag from /home/kmh/de_basic/airflow/dags/web_crawling_to_csv.py
[2025-06-20T01:42:14.439+0000] {logging_mixin.py:188} INFO - [2025-06-20T01:42:14.438+0000] {dagbag.py:348} ERROR - Failed to import: /home/kmh/de_basic/airflow/dags/web_crawling_to_csv.py
Traceback (most recent call last):
  File "/home/kmh/de_basic/.venv/lib/python3.11/site-packages/airflow/models/dagbag.py", line 344, in parse
    loader.exec_module(new_module)
  File "<frozen importlib._bootstrap_external>", line 940, in exec_module
  File "<frozen importlib._bootstrap>", line 241, in _call_with_frames_removed
  File "/home/kmh/de_basic/airflow/dags/web_crawling_to_csv.py", line 62, in <module>
    with DAG(
         ^^^^
TypeError: DAG.__init__() got an unexpected keyword argument 'max_activate_runs'
[2025-06-20T01:42:14.440+0000] {processor.py:842} WARNING - No viable dags retrieved from /home/kmh/de_basic/airflow/dags/web_crawling_to_csv.py
[2025-06-20T01:42:14.452+0000] {processor.py:183} INFO - Processing /home/kmh/de_basic/airflow/dags/web_crawling_to_csv.py took 1.779 seconds
[2025-06-20T01:42:44.987+0000] {processor.py:161} INFO - Started process (PID=4289) to work on /home/kmh/de_basic/airflow/dags/web_crawling_to_csv.py
[2025-06-20T01:42:44.988+0000] {processor.py:830} INFO - Processing file /home/kmh/de_basic/airflow/dags/web_crawling_to_csv.py for tasks to queue
[2025-06-20T01:42:44.989+0000] {logging_mixin.py:188} INFO - [2025-06-20T01:42:44.988+0000] {dagbag.py:538} INFO - Filling up the DagBag from /home/kmh/de_basic/airflow/dags/web_crawling_to_csv.py
[2025-06-20T01:42:45.372+0000] {logging_mixin.py:188} INFO - [2025-06-20T01:42:45.371+0000] {dagbag.py:348} ERROR - Failed to import: /home/kmh/de_basic/airflow/dags/web_crawling_to_csv.py
Traceback (most recent call last):
  File "/home/kmh/de_basic/.venv/lib/python3.11/site-packages/airflow/models/dagbag.py", line 344, in parse
    loader.exec_module(new_module)
  File "<frozen importlib._bootstrap_external>", line 940, in exec_module
  File "<frozen importlib._bootstrap>", line 241, in _call_with_frames_removed
  File "/home/kmh/de_basic/airflow/dags/web_crawling_to_csv.py", line 62, in <module>
    with DAG(
         ^^^^
TypeError: DAG.__init__() got an unexpected keyword argument 'max_activate_runs'
[2025-06-20T01:42:45.372+0000] {processor.py:842} WARNING - No viable dags retrieved from /home/kmh/de_basic/airflow/dags/web_crawling_to_csv.py
[2025-06-20T01:42:45.390+0000] {processor.py:183} INFO - Processing /home/kmh/de_basic/airflow/dags/web_crawling_to_csv.py took 0.404 seconds
[2025-06-20T01:43:16.286+0000] {processor.py:161} INFO - Started process (PID=4513) to work on /home/kmh/de_basic/airflow/dags/web_crawling_to_csv.py
[2025-06-20T01:43:16.287+0000] {processor.py:830} INFO - Processing file /home/kmh/de_basic/airflow/dags/web_crawling_to_csv.py for tasks to queue
[2025-06-20T01:43:16.288+0000] {logging_mixin.py:188} INFO - [2025-06-20T01:43:16.288+0000] {dagbag.py:538} INFO - Filling up the DagBag from /home/kmh/de_basic/airflow/dags/web_crawling_to_csv.py
[2025-06-20T01:43:16.620+0000] {logging_mixin.py:188} INFO - [2025-06-20T01:43:16.619+0000] {dagbag.py:348} ERROR - Failed to import: /home/kmh/de_basic/airflow/dags/web_crawling_to_csv.py
Traceback (most recent call last):
  File "/home/kmh/de_basic/.venv/lib/python3.11/site-packages/airflow/models/dagbag.py", line 344, in parse
    loader.exec_module(new_module)
  File "<frozen importlib._bootstrap_external>", line 940, in exec_module
  File "<frozen importlib._bootstrap>", line 241, in _call_with_frames_removed
  File "/home/kmh/de_basic/airflow/dags/web_crawling_to_csv.py", line 62, in <module>
    with DAG(
         ^^^^
TypeError: DAG.__init__() got an unexpected keyword argument 'max_activate_runs'
[2025-06-20T01:43:16.620+0000] {processor.py:842} WARNING - No viable dags retrieved from /home/kmh/de_basic/airflow/dags/web_crawling_to_csv.py
[2025-06-20T01:43:16.644+0000] {processor.py:183} INFO - Processing /home/kmh/de_basic/airflow/dags/web_crawling_to_csv.py took 0.360 seconds
[2025-06-20T01:43:47.659+0000] {processor.py:161} INFO - Started process (PID=4632) to work on /home/kmh/de_basic/airflow/dags/web_crawling_to_csv.py
[2025-06-20T01:43:47.661+0000] {processor.py:830} INFO - Processing file /home/kmh/de_basic/airflow/dags/web_crawling_to_csv.py for tasks to queue
[2025-06-20T01:43:47.662+0000] {logging_mixin.py:188} INFO - [2025-06-20T01:43:47.661+0000] {dagbag.py:538} INFO - Filling up the DagBag from /home/kmh/de_basic/airflow/dags/web_crawling_to_csv.py
[2025-06-20T01:43:48.062+0000] {logging_mixin.py:188} INFO - [2025-06-20T01:43:48.061+0000] {dagbag.py:348} ERROR - Failed to import: /home/kmh/de_basic/airflow/dags/web_crawling_to_csv.py
Traceback (most recent call last):
  File "/home/kmh/de_basic/.venv/lib/python3.11/site-packages/airflow/models/dagbag.py", line 344, in parse
    loader.exec_module(new_module)
  File "<frozen importlib._bootstrap_external>", line 940, in exec_module
  File "<frozen importlib._bootstrap>", line 241, in _call_with_frames_removed
  File "/home/kmh/de_basic/airflow/dags/web_crawling_to_csv.py", line 62, in <module>
    with DAG(
         ^^^^
TypeError: DAG.__init__() got an unexpected keyword argument 'max_activate_runs'
[2025-06-20T01:43:48.062+0000] {processor.py:842} WARNING - No viable dags retrieved from /home/kmh/de_basic/airflow/dags/web_crawling_to_csv.py
[2025-06-20T01:43:48.079+0000] {processor.py:183} INFO - Processing /home/kmh/de_basic/airflow/dags/web_crawling_to_csv.py took 0.423 seconds
[2025-06-20T01:44:18.827+0000] {processor.py:161} INFO - Started process (PID=4653) to work on /home/kmh/de_basic/airflow/dags/web_crawling_to_csv.py
[2025-06-20T01:44:18.834+0000] {processor.py:830} INFO - Processing file /home/kmh/de_basic/airflow/dags/web_crawling_to_csv.py for tasks to queue
[2025-06-20T01:44:18.837+0000] {logging_mixin.py:188} INFO - [2025-06-20T01:44:18.837+0000] {dagbag.py:538} INFO - Filling up the DagBag from /home/kmh/de_basic/airflow/dags/web_crawling_to_csv.py
[2025-06-20T01:44:19.140+0000] {logging_mixin.py:188} INFO - [2025-06-20T01:44:19.140+0000] {dagbag.py:348} ERROR - Failed to import: /home/kmh/de_basic/airflow/dags/web_crawling_to_csv.py
Traceback (most recent call last):
  File "/home/kmh/de_basic/.venv/lib/python3.11/site-packages/airflow/models/dagbag.py", line 344, in parse
    loader.exec_module(new_module)
  File "<frozen importlib._bootstrap_external>", line 940, in exec_module
  File "<frozen importlib._bootstrap>", line 241, in _call_with_frames_removed
  File "/home/kmh/de_basic/airflow/dags/web_crawling_to_csv.py", line 62, in <module>
    with DAG(
         ^^^^
TypeError: DAG.__init__() got an unexpected keyword argument 'max_activate_runs'
[2025-06-20T01:44:19.141+0000] {processor.py:842} WARNING - No viable dags retrieved from /home/kmh/de_basic/airflow/dags/web_crawling_to_csv.py
[2025-06-20T01:44:19.155+0000] {processor.py:183} INFO - Processing /home/kmh/de_basic/airflow/dags/web_crawling_to_csv.py took 0.331 seconds
[2025-06-20T01:44:49.481+0000] {processor.py:161} INFO - Started process (PID=4779) to work on /home/kmh/de_basic/airflow/dags/web_crawling_to_csv.py
[2025-06-20T01:44:49.482+0000] {processor.py:830} INFO - Processing file /home/kmh/de_basic/airflow/dags/web_crawling_to_csv.py for tasks to queue
[2025-06-20T01:44:49.484+0000] {logging_mixin.py:188} INFO - [2025-06-20T01:44:49.483+0000] {dagbag.py:538} INFO - Filling up the DagBag from /home/kmh/de_basic/airflow/dags/web_crawling_to_csv.py
[2025-06-20T01:44:49.818+0000] {logging_mixin.py:188} INFO - [2025-06-20T01:44:49.818+0000] {dagbag.py:348} ERROR - Failed to import: /home/kmh/de_basic/airflow/dags/web_crawling_to_csv.py
Traceback (most recent call last):
  File "/home/kmh/de_basic/.venv/lib/python3.11/site-packages/airflow/models/dagbag.py", line 344, in parse
    loader.exec_module(new_module)
  File "<frozen importlib._bootstrap_external>", line 940, in exec_module
  File "<frozen importlib._bootstrap>", line 241, in _call_with_frames_removed
  File "/home/kmh/de_basic/airflow/dags/web_crawling_to_csv.py", line 62, in <module>
    with DAG(
         ^^^^
TypeError: DAG.__init__() got an unexpected keyword argument 'max_activate_runs'
[2025-06-20T01:44:49.819+0000] {processor.py:842} WARNING - No viable dags retrieved from /home/kmh/de_basic/airflow/dags/web_crawling_to_csv.py
[2025-06-20T01:44:49.829+0000] {processor.py:183} INFO - Processing /home/kmh/de_basic/airflow/dags/web_crawling_to_csv.py took 0.351 seconds
[2025-06-20T01:45:20.149+0000] {processor.py:161} INFO - Started process (PID=4795) to work on /home/kmh/de_basic/airflow/dags/web_crawling_to_csv.py
[2025-06-20T01:45:20.152+0000] {processor.py:830} INFO - Processing file /home/kmh/de_basic/airflow/dags/web_crawling_to_csv.py for tasks to queue
[2025-06-20T01:45:20.152+0000] {logging_mixin.py:188} INFO - [2025-06-20T01:45:20.152+0000] {dagbag.py:538} INFO - Filling up the DagBag from /home/kmh/de_basic/airflow/dags/web_crawling_to_csv.py
[2025-06-20T01:45:20.475+0000] {logging_mixin.py:188} INFO - [2025-06-20T01:45:20.474+0000] {dagbag.py:348} ERROR - Failed to import: /home/kmh/de_basic/airflow/dags/web_crawling_to_csv.py
Traceback (most recent call last):
  File "/home/kmh/de_basic/.venv/lib/python3.11/site-packages/airflow/models/dagbag.py", line 344, in parse
    loader.exec_module(new_module)
  File "<frozen importlib._bootstrap_external>", line 940, in exec_module
  File "<frozen importlib._bootstrap>", line 241, in _call_with_frames_removed
  File "/home/kmh/de_basic/airflow/dags/web_crawling_to_csv.py", line 62, in <module>
    with DAG(
         ^^^^
TypeError: DAG.__init__() got an unexpected keyword argument 'max_activate_runs'
[2025-06-20T01:45:20.475+0000] {processor.py:842} WARNING - No viable dags retrieved from /home/kmh/de_basic/airflow/dags/web_crawling_to_csv.py
[2025-06-20T01:45:20.490+0000] {processor.py:183} INFO - Processing /home/kmh/de_basic/airflow/dags/web_crawling_to_csv.py took 0.342 seconds
[2025-06-20T01:45:57.242+0000] {processor.py:161} INFO - Started process (PID=5127) to work on /home/kmh/de_basic/airflow/dags/web_crawling_to_csv.py
[2025-06-20T01:45:57.243+0000] {processor.py:830} INFO - Processing file /home/kmh/de_basic/airflow/dags/web_crawling_to_csv.py for tasks to queue
[2025-06-20T01:45:57.243+0000] {logging_mixin.py:188} INFO - [2025-06-20T01:45:57.243+0000] {dagbag.py:538} INFO - Filling up the DagBag from /home/kmh/de_basic/airflow/dags/web_crawling_to_csv.py
[2025-06-20T01:45:57.646+0000] {processor.py:840} INFO - DAG(s) 'crawl_quotes_to_csv2' retrieved from /home/kmh/de_basic/airflow/dags/web_crawling_to_csv.py
[2025-06-20T01:45:57.649+0000] {logging_mixin.py:188} INFO - [2025-06-20T01:45:57.649+0000] {dag.py:3033} INFO - Sync 1 DAGs
[2025-06-20T01:45:57.660+0000] {logging_mixin.py:188} INFO - [2025-06-20T01:45:57.660+0000] {dag.py:3820} INFO - Setting next_dagrun for crawl_quotes_to_csv2 to 2025-06-20T01:44:00+00:00, run_after=2025-06-20T01:45:00+00:00
[2025-06-20T01:45:57.684+0000] {processor.py:183} INFO - Processing /home/kmh/de_basic/airflow/dags/web_crawling_to_csv.py took 0.443 seconds
[2025-06-20T01:46:29.179+0000] {processor.py:161} INFO - Started process (PID=5383) to work on /home/kmh/de_basic/airflow/dags/web_crawling_to_csv.py
[2025-06-20T01:46:29.180+0000] {processor.py:830} INFO - Processing file /home/kmh/de_basic/airflow/dags/web_crawling_to_csv.py for tasks to queue
[2025-06-20T01:46:29.181+0000] {logging_mixin.py:188} INFO - [2025-06-20T01:46:29.180+0000] {dagbag.py:538} INFO - Filling up the DagBag from /home/kmh/de_basic/airflow/dags/web_crawling_to_csv.py
[2025-06-20T01:46:29.507+0000] {processor.py:840} INFO - DAG(s) 'crawl_quotes_to_csv2' retrieved from /home/kmh/de_basic/airflow/dags/web_crawling_to_csv.py
[2025-06-20T01:46:29.549+0000] {logging_mixin.py:188} INFO - [2025-06-20T01:46:29.549+0000] {dag.py:3033} INFO - Sync 1 DAGs
[2025-06-20T01:46:29.576+0000] {processor.py:183} INFO - Processing /home/kmh/de_basic/airflow/dags/web_crawling_to_csv.py took 0.398 seconds
[2025-06-20T01:47:00.298+0000] {processor.py:161} INFO - Started process (PID=5545) to work on /home/kmh/de_basic/airflow/dags/web_crawling_to_csv.py
[2025-06-20T01:47:00.299+0000] {processor.py:830} INFO - Processing file /home/kmh/de_basic/airflow/dags/web_crawling_to_csv.py for tasks to queue
[2025-06-20T01:47:00.300+0000] {logging_mixin.py:188} INFO - [2025-06-20T01:47:00.300+0000] {dagbag.py:538} INFO - Filling up the DagBag from /home/kmh/de_basic/airflow/dags/web_crawling_to_csv.py
[2025-06-20T01:47:00.638+0000] {processor.py:840} INFO - DAG(s) 'crawl_quotes_to_csv2' retrieved from /home/kmh/de_basic/airflow/dags/web_crawling_to_csv.py
[2025-06-20T01:47:00.647+0000] {logging_mixin.py:188} INFO - [2025-06-20T01:47:00.646+0000] {dag.py:3033} INFO - Sync 1 DAGs
[2025-06-20T01:47:00.656+0000] {logging_mixin.py:188} INFO - [2025-06-20T01:47:00.656+0000] {dag.py:3820} INFO - Setting next_dagrun for crawl_quotes_to_csv2 to 2025-06-20T01:46:00+00:00, run_after=2025-06-20T01:47:00+00:00
[2025-06-20T01:47:00.677+0000] {processor.py:183} INFO - Processing /home/kmh/de_basic/airflow/dags/web_crawling_to_csv.py took 0.382 seconds
[2025-06-20T01:47:31.403+0000] {processor.py:161} INFO - Started process (PID=5783) to work on /home/kmh/de_basic/airflow/dags/web_crawling_to_csv.py
[2025-06-20T01:47:31.404+0000] {processor.py:830} INFO - Processing file /home/kmh/de_basic/airflow/dags/web_crawling_to_csv.py for tasks to queue
[2025-06-20T01:47:31.405+0000] {logging_mixin.py:188} INFO - [2025-06-20T01:47:31.404+0000] {dagbag.py:538} INFO - Filling up the DagBag from /home/kmh/de_basic/airflow/dags/web_crawling_to_csv.py
[2025-06-20T01:47:31.727+0000] {processor.py:840} INFO - DAG(s) 'crawl_quotes_to_csv2' retrieved from /home/kmh/de_basic/airflow/dags/web_crawling_to_csv.py
[2025-06-20T01:47:31.735+0000] {logging_mixin.py:188} INFO - [2025-06-20T01:47:31.735+0000] {dag.py:3033} INFO - Sync 1 DAGs
[2025-06-20T01:47:31.744+0000] {logging_mixin.py:188} INFO - [2025-06-20T01:47:31.744+0000] {dag.py:3820} INFO - Setting next_dagrun for crawl_quotes_to_csv2 to 2025-06-20T01:47:00+00:00, run_after=2025-06-20T01:48:00+00:00
[2025-06-20T01:47:31.761+0000] {processor.py:183} INFO - Processing /home/kmh/de_basic/airflow/dags/web_crawling_to_csv.py took 0.361 seconds
[2025-06-20T01:48:03.507+0000] {processor.py:161} INFO - Started process (PID=5814) to work on /home/kmh/de_basic/airflow/dags/web_crawling_to_csv.py
[2025-06-20T01:48:03.508+0000] {processor.py:830} INFO - Processing file /home/kmh/de_basic/airflow/dags/web_crawling_to_csv.py for tasks to queue
[2025-06-20T01:48:03.508+0000] {logging_mixin.py:188} INFO - [2025-06-20T01:48:03.508+0000] {dagbag.py:538} INFO - Filling up the DagBag from /home/kmh/de_basic/airflow/dags/web_crawling_to_csv.py
[2025-06-20T01:48:03.862+0000] {processor.py:840} INFO - DAG(s) 'crawl_quotes_to_csv2' retrieved from /home/kmh/de_basic/airflow/dags/web_crawling_to_csv.py
[2025-06-20T01:48:03.871+0000] {logging_mixin.py:188} INFO - [2025-06-20T01:48:03.871+0000] {dag.py:3033} INFO - Sync 1 DAGs
[2025-06-20T01:48:03.897+0000] {processor.py:183} INFO - Processing /home/kmh/de_basic/airflow/dags/web_crawling_to_csv.py took 0.392 seconds
[2025-06-20T01:48:34.320+0000] {processor.py:161} INFO - Started process (PID=5973) to work on /home/kmh/de_basic/airflow/dags/web_crawling_to_csv.py
[2025-06-20T01:48:34.324+0000] {processor.py:830} INFO - Processing file /home/kmh/de_basic/airflow/dags/web_crawling_to_csv.py for tasks to queue
[2025-06-20T01:48:34.329+0000] {logging_mixin.py:188} INFO - [2025-06-20T01:48:34.328+0000] {dagbag.py:538} INFO - Filling up the DagBag from /home/kmh/de_basic/airflow/dags/web_crawling_to_csv.py
[2025-06-20T01:48:34.650+0000] {processor.py:840} INFO - DAG(s) 'crawl_quotes_to_csv2' retrieved from /home/kmh/de_basic/airflow/dags/web_crawling_to_csv.py
[2025-06-20T01:48:34.658+0000] {logging_mixin.py:188} INFO - [2025-06-20T01:48:34.658+0000] {dag.py:3033} INFO - Sync 1 DAGs
[2025-06-20T01:48:34.666+0000] {logging_mixin.py:188} INFO - [2025-06-20T01:48:34.666+0000] {dag.py:3820} INFO - Setting next_dagrun for crawl_quotes_to_csv2 to 2025-06-20T01:48:00+00:00, run_after=2025-06-20T01:49:00+00:00
[2025-06-20T01:48:34.683+0000] {processor.py:183} INFO - Processing /home/kmh/de_basic/airflow/dags/web_crawling_to_csv.py took 0.366 seconds
[2025-06-20T01:49:05.112+0000] {processor.py:161} INFO - Started process (PID=6064) to work on /home/kmh/de_basic/airflow/dags/web_crawling_to_csv.py
[2025-06-20T01:49:05.113+0000] {processor.py:830} INFO - Processing file /home/kmh/de_basic/airflow/dags/web_crawling_to_csv.py for tasks to queue
[2025-06-20T01:49:05.114+0000] {logging_mixin.py:188} INFO - [2025-06-20T01:49:05.113+0000] {dagbag.py:538} INFO - Filling up the DagBag from /home/kmh/de_basic/airflow/dags/web_crawling_to_csv.py
[2025-06-20T01:49:05.452+0000] {processor.py:840} INFO - DAG(s) 'crawl_quotes_to_csv2' retrieved from /home/kmh/de_basic/airflow/dags/web_crawling_to_csv.py
[2025-06-20T01:49:05.460+0000] {logging_mixin.py:188} INFO - [2025-06-20T01:49:05.460+0000] {dag.py:3033} INFO - Sync 1 DAGs
[2025-06-20T01:49:05.468+0000] {logging_mixin.py:188} INFO - [2025-06-20T01:49:05.468+0000] {dag.py:3820} INFO - Setting next_dagrun for crawl_quotes_to_csv2 to 2025-06-20T01:49:00+00:00, run_after=2025-06-20T01:50:00+00:00
[2025-06-20T01:49:05.487+0000] {processor.py:183} INFO - Processing /home/kmh/de_basic/airflow/dags/web_crawling_to_csv.py took 0.379 seconds
[2025-06-20T01:49:35.838+0000] {processor.py:161} INFO - Started process (PID=6127) to work on /home/kmh/de_basic/airflow/dags/web_crawling_to_csv.py
[2025-06-20T01:49:35.842+0000] {processor.py:830} INFO - Processing file /home/kmh/de_basic/airflow/dags/web_crawling_to_csv.py for tasks to queue
[2025-06-20T01:49:35.845+0000] {logging_mixin.py:188} INFO - [2025-06-20T01:49:35.845+0000] {dagbag.py:538} INFO - Filling up the DagBag from /home/kmh/de_basic/airflow/dags/web_crawling_to_csv.py
[2025-06-20T01:49:36.151+0000] {processor.py:840} INFO - DAG(s) 'crawl_quotes_to_csv2' retrieved from /home/kmh/de_basic/airflow/dags/web_crawling_to_csv.py
[2025-06-20T01:49:36.159+0000] {logging_mixin.py:188} INFO - [2025-06-20T01:49:36.158+0000] {dag.py:3033} INFO - Sync 1 DAGs
[2025-06-20T01:49:36.167+0000] {logging_mixin.py:188} INFO - [2025-06-20T01:49:36.167+0000] {dag.py:3820} INFO - Setting next_dagrun for crawl_quotes_to_csv2 to 2025-06-20T01:49:00+00:00, run_after=2025-06-20T01:50:00+00:00
[2025-06-20T01:49:36.194+0000] {processor.py:183} INFO - Processing /home/kmh/de_basic/airflow/dags/web_crawling_to_csv.py took 0.359 seconds
[2025-06-20T01:50:06.896+0000] {processor.py:161} INFO - Started process (PID=6267) to work on /home/kmh/de_basic/airflow/dags/web_crawling_to_csv.py
[2025-06-20T01:50:06.897+0000] {processor.py:830} INFO - Processing file /home/kmh/de_basic/airflow/dags/web_crawling_to_csv.py for tasks to queue
[2025-06-20T01:50:06.897+0000] {logging_mixin.py:188} INFO - [2025-06-20T01:50:06.897+0000] {dagbag.py:538} INFO - Filling up the DagBag from /home/kmh/de_basic/airflow/dags/web_crawling_to_csv.py
[2025-06-20T01:50:07.245+0000] {processor.py:840} INFO - DAG(s) 'crawl_quotes_to_csv2' retrieved from /home/kmh/de_basic/airflow/dags/web_crawling_to_csv.py
[2025-06-20T01:50:07.253+0000] {logging_mixin.py:188} INFO - [2025-06-20T01:50:07.252+0000] {dag.py:3033} INFO - Sync 1 DAGs
[2025-06-20T01:50:07.262+0000] {logging_mixin.py:188} INFO - [2025-06-20T01:50:07.261+0000] {dag.py:3820} INFO - Setting next_dagrun for crawl_quotes_to_csv2 to 2025-06-20T01:50:00+00:00, run_after=2025-06-20T01:51:00+00:00
[2025-06-20T01:50:07.280+0000] {processor.py:183} INFO - Processing /home/kmh/de_basic/airflow/dags/web_crawling_to_csv.py took 0.386 seconds
[2025-06-20T01:50:38.151+0000] {processor.py:161} INFO - Started process (PID=6565) to work on /home/kmh/de_basic/airflow/dags/web_crawling_to_csv.py
[2025-06-20T01:50:38.162+0000] {processor.py:830} INFO - Processing file /home/kmh/de_basic/airflow/dags/web_crawling_to_csv.py for tasks to queue
[2025-06-20T01:50:38.164+0000] {logging_mixin.py:188} INFO - [2025-06-20T01:50:38.163+0000] {dagbag.py:538} INFO - Filling up the DagBag from /home/kmh/de_basic/airflow/dags/web_crawling_to_csv.py
[2025-06-20T01:50:38.452+0000] {processor.py:840} INFO - DAG(s) 'crawl_quotes_to_csv2' retrieved from /home/kmh/de_basic/airflow/dags/web_crawling_to_csv.py
[2025-06-20T01:50:38.460+0000] {logging_mixin.py:188} INFO - [2025-06-20T01:50:38.460+0000] {dag.py:3033} INFO - Sync 1 DAGs
[2025-06-20T01:50:38.468+0000] {logging_mixin.py:188} INFO - [2025-06-20T01:50:38.468+0000] {dag.py:3820} INFO - Setting next_dagrun for crawl_quotes_to_csv2 to 2025-06-20T01:50:00+00:00, run_after=2025-06-20T01:51:00+00:00
[2025-06-20T01:50:38.493+0000] {processor.py:183} INFO - Processing /home/kmh/de_basic/airflow/dags/web_crawling_to_csv.py took 0.347 seconds
[2025-06-20T01:51:09.416+0000] {processor.py:161} INFO - Started process (PID=6741) to work on /home/kmh/de_basic/airflow/dags/web_crawling_to_csv.py
[2025-06-20T01:51:09.417+0000] {processor.py:830} INFO - Processing file /home/kmh/de_basic/airflow/dags/web_crawling_to_csv.py for tasks to queue
[2025-06-20T01:51:09.419+0000] {logging_mixin.py:188} INFO - [2025-06-20T01:51:09.418+0000] {dagbag.py:538} INFO - Filling up the DagBag from /home/kmh/de_basic/airflow/dags/web_crawling_to_csv.py
[2025-06-20T01:51:09.733+0000] {processor.py:840} INFO - DAG(s) 'crawl_quotes_to_csv2' retrieved from /home/kmh/de_basic/airflow/dags/web_crawling_to_csv.py
[2025-06-20T01:51:09.741+0000] {logging_mixin.py:188} INFO - [2025-06-20T01:51:09.741+0000] {dag.py:3033} INFO - Sync 1 DAGs
[2025-06-20T01:51:09.750+0000] {logging_mixin.py:188} INFO - [2025-06-20T01:51:09.750+0000] {dag.py:3820} INFO - Setting next_dagrun for crawl_quotes_to_csv2 to 2025-06-20T01:51:00+00:00, run_after=2025-06-20T01:52:00+00:00
[2025-06-20T01:51:09.767+0000] {processor.py:183} INFO - Processing /home/kmh/de_basic/airflow/dags/web_crawling_to_csv.py took 0.354 seconds
[2025-06-20T01:51:40.176+0000] {processor.py:161} INFO - Started process (PID=6773) to work on /home/kmh/de_basic/airflow/dags/web_crawling_to_csv.py
[2025-06-20T01:51:40.177+0000] {processor.py:830} INFO - Processing file /home/kmh/de_basic/airflow/dags/web_crawling_to_csv.py for tasks to queue
[2025-06-20T01:51:40.178+0000] {logging_mixin.py:188} INFO - [2025-06-20T01:51:40.178+0000] {dagbag.py:538} INFO - Filling up the DagBag from /home/kmh/de_basic/airflow/dags/web_crawling_to_csv.py
[2025-06-20T01:51:40.493+0000] {processor.py:840} INFO - DAG(s) 'crawl_quotes_to_csv2' retrieved from /home/kmh/de_basic/airflow/dags/web_crawling_to_csv.py
[2025-06-20T01:51:40.501+0000] {logging_mixin.py:188} INFO - [2025-06-20T01:51:40.500+0000] {dag.py:3033} INFO - Sync 1 DAGs
[2025-06-20T01:51:40.509+0000] {logging_mixin.py:188} INFO - [2025-06-20T01:51:40.509+0000] {dag.py:3820} INFO - Setting next_dagrun for crawl_quotes_to_csv2 to 2025-06-20T01:51:00+00:00, run_after=2025-06-20T01:52:00+00:00
[2025-06-20T01:51:40.523+0000] {processor.py:183} INFO - Processing /home/kmh/de_basic/airflow/dags/web_crawling_to_csv.py took 0.348 seconds
[2025-06-20T01:52:10.817+0000] {processor.py:161} INFO - Started process (PID=6906) to work on /home/kmh/de_basic/airflow/dags/web_crawling_to_csv.py
[2025-06-20T01:52:10.818+0000] {processor.py:830} INFO - Processing file /home/kmh/de_basic/airflow/dags/web_crawling_to_csv.py for tasks to queue
[2025-06-20T01:52:10.819+0000] {logging_mixin.py:188} INFO - [2025-06-20T01:52:10.818+0000] {dagbag.py:538} INFO - Filling up the DagBag from /home/kmh/de_basic/airflow/dags/web_crawling_to_csv.py
[2025-06-20T01:52:11.108+0000] {processor.py:840} INFO - DAG(s) 'crawl_quotes_to_csv2' retrieved from /home/kmh/de_basic/airflow/dags/web_crawling_to_csv.py
[2025-06-20T01:52:11.116+0000] {logging_mixin.py:188} INFO - [2025-06-20T01:52:11.116+0000] {dag.py:3033} INFO - Sync 1 DAGs
[2025-06-20T01:52:11.124+0000] {logging_mixin.py:188} INFO - [2025-06-20T01:52:11.124+0000] {dag.py:3820} INFO - Setting next_dagrun for crawl_quotes_to_csv2 to 2025-06-20T01:52:00+00:00, run_after=2025-06-20T01:53:00+00:00
[2025-06-20T01:52:11.145+0000] {processor.py:183} INFO - Processing /home/kmh/de_basic/airflow/dags/web_crawling_to_csv.py took 0.331 seconds
[2025-06-20T01:52:41.304+0000] {processor.py:161} INFO - Started process (PID=6922) to work on /home/kmh/de_basic/airflow/dags/web_crawling_to_csv.py
[2025-06-20T01:52:41.305+0000] {processor.py:830} INFO - Processing file /home/kmh/de_basic/airflow/dags/web_crawling_to_csv.py for tasks to queue
[2025-06-20T01:52:41.305+0000] {logging_mixin.py:188} INFO - [2025-06-20T01:52:41.305+0000] {dagbag.py:538} INFO - Filling up the DagBag from /home/kmh/de_basic/airflow/dags/web_crawling_to_csv.py
[2025-06-20T01:52:41.603+0000] {processor.py:840} INFO - DAG(s) 'crawl_quotes_to_csv2' retrieved from /home/kmh/de_basic/airflow/dags/web_crawling_to_csv.py
[2025-06-20T01:52:41.611+0000] {logging_mixin.py:188} INFO - [2025-06-20T01:52:41.611+0000] {dag.py:3033} INFO - Sync 1 DAGs
[2025-06-20T01:52:41.620+0000] {logging_mixin.py:188} INFO - [2025-06-20T01:52:41.619+0000] {dag.py:3820} INFO - Setting next_dagrun for crawl_quotes_to_csv2 to 2025-06-20T01:52:00+00:00, run_after=2025-06-20T01:53:00+00:00
[2025-06-20T01:52:41.652+0000] {processor.py:183} INFO - Processing /home/kmh/de_basic/airflow/dags/web_crawling_to_csv.py took 0.350 seconds
[2025-06-20T01:53:11.821+0000] {processor.py:161} INFO - Started process (PID=7054) to work on /home/kmh/de_basic/airflow/dags/web_crawling_to_csv.py
[2025-06-20T01:53:11.822+0000] {processor.py:830} INFO - Processing file /home/kmh/de_basic/airflow/dags/web_crawling_to_csv.py for tasks to queue
[2025-06-20T01:53:11.823+0000] {logging_mixin.py:188} INFO - [2025-06-20T01:53:11.823+0000] {dagbag.py:538} INFO - Filling up the DagBag from /home/kmh/de_basic/airflow/dags/web_crawling_to_csv.py
[2025-06-20T01:53:12.119+0000] {processor.py:840} INFO - DAG(s) 'crawl_quotes_to_csv2' retrieved from /home/kmh/de_basic/airflow/dags/web_crawling_to_csv.py
[2025-06-20T01:53:12.127+0000] {logging_mixin.py:188} INFO - [2025-06-20T01:53:12.126+0000] {dag.py:3033} INFO - Sync 1 DAGs
[2025-06-20T01:53:12.134+0000] {logging_mixin.py:188} INFO - [2025-06-20T01:53:12.134+0000] {dag.py:3820} INFO - Setting next_dagrun for crawl_quotes_to_csv2 to 2025-06-20T01:53:00+00:00, run_after=2025-06-20T01:54:00+00:00
[2025-06-20T01:53:12.157+0000] {processor.py:183} INFO - Processing /home/kmh/de_basic/airflow/dags/web_crawling_to_csv.py took 0.339 seconds
[2025-06-20T01:53:43.175+0000] {processor.py:161} INFO - Started process (PID=7080) to work on /home/kmh/de_basic/airflow/dags/web_crawling_to_csv.py
[2025-06-20T01:53:43.176+0000] {processor.py:830} INFO - Processing file /home/kmh/de_basic/airflow/dags/web_crawling_to_csv.py for tasks to queue
[2025-06-20T01:53:43.177+0000] {logging_mixin.py:188} INFO - [2025-06-20T01:53:43.176+0000] {dagbag.py:538} INFO - Filling up the DagBag from /home/kmh/de_basic/airflow/dags/web_crawling_to_csv.py
[2025-06-20T01:53:43.479+0000] {processor.py:840} INFO - DAG(s) 'crawl_quotes_to_csv2' retrieved from /home/kmh/de_basic/airflow/dags/web_crawling_to_csv.py
[2025-06-20T01:53:43.487+0000] {logging_mixin.py:188} INFO - [2025-06-20T01:53:43.487+0000] {dag.py:3033} INFO - Sync 1 DAGs
[2025-06-20T01:53:43.495+0000] {logging_mixin.py:188} INFO - [2025-06-20T01:53:43.495+0000] {dag.py:3820} INFO - Setting next_dagrun for crawl_quotes_to_csv2 to 2025-06-20T01:53:00+00:00, run_after=2025-06-20T01:54:00+00:00
[2025-06-20T01:53:43.516+0000] {processor.py:183} INFO - Processing /home/kmh/de_basic/airflow/dags/web_crawling_to_csv.py took 0.343 seconds
[2025-06-20T01:54:14.065+0000] {processor.py:161} INFO - Started process (PID=7212) to work on /home/kmh/de_basic/airflow/dags/web_crawling_to_csv.py
[2025-06-20T01:54:14.071+0000] {processor.py:830} INFO - Processing file /home/kmh/de_basic/airflow/dags/web_crawling_to_csv.py for tasks to queue
[2025-06-20T01:54:14.072+0000] {logging_mixin.py:188} INFO - [2025-06-20T01:54:14.071+0000] {dagbag.py:538} INFO - Filling up the DagBag from /home/kmh/de_basic/airflow/dags/web_crawling_to_csv.py
[2025-06-20T01:54:14.359+0000] {processor.py:840} INFO - DAG(s) 'crawl_quotes_to_csv2' retrieved from /home/kmh/de_basic/airflow/dags/web_crawling_to_csv.py
[2025-06-20T01:54:14.366+0000] {logging_mixin.py:188} INFO - [2025-06-20T01:54:14.366+0000] {dag.py:3033} INFO - Sync 1 DAGs
[2025-06-20T01:54:14.375+0000] {logging_mixin.py:188} INFO - [2025-06-20T01:54:14.375+0000] {dag.py:3820} INFO - Setting next_dagrun for crawl_quotes_to_csv2 to 2025-06-20T01:54:00+00:00, run_after=2025-06-20T01:55:00+00:00
[2025-06-20T01:54:14.395+0000] {processor.py:183} INFO - Processing /home/kmh/de_basic/airflow/dags/web_crawling_to_csv.py took 0.331 seconds
[2025-06-20T01:54:44.562+0000] {processor.py:161} INFO - Started process (PID=7217) to work on /home/kmh/de_basic/airflow/dags/web_crawling_to_csv.py
[2025-06-20T01:54:44.563+0000] {processor.py:830} INFO - Processing file /home/kmh/de_basic/airflow/dags/web_crawling_to_csv.py for tasks to queue
[2025-06-20T01:54:44.564+0000] {logging_mixin.py:188} INFO - [2025-06-20T01:54:44.563+0000] {dagbag.py:538} INFO - Filling up the DagBag from /home/kmh/de_basic/airflow/dags/web_crawling_to_csv.py
[2025-06-20T01:54:44.852+0000] {processor.py:840} INFO - DAG(s) 'crawl_quotes_to_csv2' retrieved from /home/kmh/de_basic/airflow/dags/web_crawling_to_csv.py
[2025-06-20T01:54:44.861+0000] {logging_mixin.py:188} INFO - [2025-06-20T01:54:44.861+0000] {dag.py:3033} INFO - Sync 1 DAGs
[2025-06-20T01:54:44.870+0000] {logging_mixin.py:188} INFO - [2025-06-20T01:54:44.870+0000] {dag.py:3820} INFO - Setting next_dagrun for crawl_quotes_to_csv2 to 2025-06-20T01:54:00+00:00, run_after=2025-06-20T01:55:00+00:00
[2025-06-20T01:54:44.889+0000] {processor.py:183} INFO - Processing /home/kmh/de_basic/airflow/dags/web_crawling_to_csv.py took 0.330 seconds
[2025-06-20T01:55:15.044+0000] {processor.py:161} INFO - Started process (PID=7332) to work on /home/kmh/de_basic/airflow/dags/web_crawling_to_csv.py
[2025-06-20T01:55:15.046+0000] {processor.py:830} INFO - Processing file /home/kmh/de_basic/airflow/dags/web_crawling_to_csv.py for tasks to queue
[2025-06-20T01:55:15.047+0000] {logging_mixin.py:188} INFO - [2025-06-20T01:55:15.046+0000] {dagbag.py:538} INFO - Filling up the DagBag from /home/kmh/de_basic/airflow/dags/web_crawling_to_csv.py
[2025-06-20T01:55:15.343+0000] {processor.py:840} INFO - DAG(s) 'crawl_quotes_to_csv2' retrieved from /home/kmh/de_basic/airflow/dags/web_crawling_to_csv.py
[2025-06-20T01:55:15.353+0000] {logging_mixin.py:188} INFO - [2025-06-20T01:55:15.353+0000] {dag.py:3033} INFO - Sync 1 DAGs
[2025-06-20T01:55:15.361+0000] {logging_mixin.py:188} INFO - [2025-06-20T01:55:15.361+0000] {dag.py:3820} INFO - Setting next_dagrun for crawl_quotes_to_csv2 to 2025-06-20T01:55:00+00:00, run_after=2025-06-20T01:56:00+00:00
[2025-06-20T01:55:15.375+0000] {processor.py:183} INFO - Processing /home/kmh/de_basic/airflow/dags/web_crawling_to_csv.py took 0.335 seconds
[2025-06-20T01:55:45.608+0000] {processor.py:161} INFO - Started process (PID=7356) to work on /home/kmh/de_basic/airflow/dags/web_crawling_to_csv.py
[2025-06-20T01:55:45.611+0000] {processor.py:830} INFO - Processing file /home/kmh/de_basic/airflow/dags/web_crawling_to_csv.py for tasks to queue
[2025-06-20T01:55:45.612+0000] {logging_mixin.py:188} INFO - [2025-06-20T01:55:45.612+0000] {dagbag.py:538} INFO - Filling up the DagBag from /home/kmh/de_basic/airflow/dags/web_crawling_to_csv.py
[2025-06-20T01:55:45.905+0000] {processor.py:840} INFO - DAG(s) 'crawl_quotes_to_csv2' retrieved from /home/kmh/de_basic/airflow/dags/web_crawling_to_csv.py
[2025-06-20T01:55:45.914+0000] {logging_mixin.py:188} INFO - [2025-06-20T01:55:45.914+0000] {dag.py:3033} INFO - Sync 1 DAGs
[2025-06-20T01:55:45.922+0000] {logging_mixin.py:188} INFO - [2025-06-20T01:55:45.922+0000] {dag.py:3820} INFO - Setting next_dagrun for crawl_quotes_to_csv2 to 2025-06-20T01:55:00+00:00, run_after=2025-06-20T01:56:00+00:00
[2025-06-20T01:55:45.936+0000] {processor.py:183} INFO - Processing /home/kmh/de_basic/airflow/dags/web_crawling_to_csv.py took 0.331 seconds
[2025-06-20T02:03:05.128+0000] {processor.py:161} INFO - Started process (PID=7515) to work on /home/kmh/de_basic/airflow/dags/web_crawling_to_csv.py
[2025-06-20T02:03:05.131+0000] {processor.py:830} INFO - Processing file /home/kmh/de_basic/airflow/dags/web_crawling_to_csv.py for tasks to queue
[2025-06-20T02:03:05.131+0000] {logging_mixin.py:188} INFO - [2025-06-20T02:03:05.131+0000] {dagbag.py:538} INFO - Filling up the DagBag from /home/kmh/de_basic/airflow/dags/web_crawling_to_csv.py
[2025-06-20T02:03:05.471+0000] {processor.py:840} INFO - DAG(s) 'crawl_quotes_to_csv2' retrieved from /home/kmh/de_basic/airflow/dags/web_crawling_to_csv.py
[2025-06-20T02:03:05.474+0000] {logging_mixin.py:188} INFO - [2025-06-20T02:03:05.474+0000] {dag.py:3033} INFO - Sync 1 DAGs
[2025-06-20T02:03:05.485+0000] {logging_mixin.py:188} INFO - [2025-06-20T02:03:05.485+0000] {dag.py:3820} INFO - Setting next_dagrun for crawl_quotes_to_csv2 to 2025-06-20T02:02:00+00:00, run_after=2025-06-20T02:03:00+00:00
[2025-06-20T02:03:05.508+0000] {processor.py:183} INFO - Processing /home/kmh/de_basic/airflow/dags/web_crawling_to_csv.py took 0.382 seconds
[2025-06-20T02:03:36.435+0000] {processor.py:161} INFO - Started process (PID=7797) to work on /home/kmh/de_basic/airflow/dags/web_crawling_to_csv.py
[2025-06-20T02:03:36.437+0000] {processor.py:830} INFO - Processing file /home/kmh/de_basic/airflow/dags/web_crawling_to_csv.py for tasks to queue
[2025-06-20T02:03:36.438+0000] {logging_mixin.py:188} INFO - [2025-06-20T02:03:36.437+0000] {dagbag.py:538} INFO - Filling up the DagBag from /home/kmh/de_basic/airflow/dags/web_crawling_to_csv.py
[2025-06-20T02:03:36.763+0000] {processor.py:840} INFO - DAG(s) 'crawl_quotes_to_csv2' retrieved from /home/kmh/de_basic/airflow/dags/web_crawling_to_csv.py
[2025-06-20T02:03:36.808+0000] {logging_mixin.py:188} INFO - [2025-06-20T02:03:36.807+0000] {dag.py:3033} INFO - Sync 1 DAGs
[2025-06-20T02:03:36.816+0000] {logging_mixin.py:188} INFO - [2025-06-20T02:03:36.816+0000] {dag.py:3820} INFO - Setting next_dagrun for crawl_quotes_to_csv2 to 2025-06-20T02:03:00+00:00, run_after=2025-06-20T02:04:00+00:00
[2025-06-20T02:03:36.839+0000] {processor.py:183} INFO - Processing /home/kmh/de_basic/airflow/dags/web_crawling_to_csv.py took 0.408 seconds
[2025-06-20T02:04:07.881+0000] {processor.py:161} INFO - Started process (PID=7881) to work on /home/kmh/de_basic/airflow/dags/web_crawling_to_csv.py
[2025-06-20T02:04:07.882+0000] {processor.py:830} INFO - Processing file /home/kmh/de_basic/airflow/dags/web_crawling_to_csv.py for tasks to queue
[2025-06-20T02:04:07.882+0000] {logging_mixin.py:188} INFO - [2025-06-20T02:04:07.882+0000] {dagbag.py:538} INFO - Filling up the DagBag from /home/kmh/de_basic/airflow/dags/web_crawling_to_csv.py
[2025-06-20T02:04:08.191+0000] {processor.py:840} INFO - DAG(s) 'crawl_quotes_to_csv2' retrieved from /home/kmh/de_basic/airflow/dags/web_crawling_to_csv.py
[2025-06-20T02:04:08.199+0000] {logging_mixin.py:188} INFO - [2025-06-20T02:04:08.199+0000] {dag.py:3033} INFO - Sync 1 DAGs
[2025-06-20T02:04:08.209+0000] {logging_mixin.py:188} INFO - [2025-06-20T02:04:08.209+0000] {dag.py:3820} INFO - Setting next_dagrun for crawl_quotes_to_csv2 to 2025-06-20T02:04:00+00:00, run_after=2025-06-20T02:05:00+00:00
[2025-06-20T02:04:08.227+0000] {processor.py:183} INFO - Processing /home/kmh/de_basic/airflow/dags/web_crawling_to_csv.py took 0.348 seconds
[2025-06-20T02:04:38.378+0000] {processor.py:161} INFO - Started process (PID=8129) to work on /home/kmh/de_basic/airflow/dags/web_crawling_to_csv.py
[2025-06-20T02:04:38.383+0000] {processor.py:830} INFO - Processing file /home/kmh/de_basic/airflow/dags/web_crawling_to_csv.py for tasks to queue
[2025-06-20T02:04:38.383+0000] {logging_mixin.py:188} INFO - [2025-06-20T02:04:38.383+0000] {dagbag.py:538} INFO - Filling up the DagBag from /home/kmh/de_basic/airflow/dags/web_crawling_to_csv.py
[2025-06-20T02:04:38.734+0000] {processor.py:840} INFO - DAG(s) 'crawl_quotes_to_csv2' retrieved from /home/kmh/de_basic/airflow/dags/web_crawling_to_csv.py
[2025-06-20T02:04:38.742+0000] {logging_mixin.py:188} INFO - [2025-06-20T02:04:38.742+0000] {dag.py:3033} INFO - Sync 1 DAGs
[2025-06-20T02:04:38.751+0000] {logging_mixin.py:188} INFO - [2025-06-20T02:04:38.751+0000] {dag.py:3820} INFO - Setting next_dagrun for crawl_quotes_to_csv2 to 2025-06-20T02:04:00+00:00, run_after=2025-06-20T02:05:00+00:00
[2025-06-20T02:04:38.768+0000] {processor.py:183} INFO - Processing /home/kmh/de_basic/airflow/dags/web_crawling_to_csv.py took 0.392 seconds
[2025-06-20T02:08:40.369+0000] {processor.py:161} INFO - Started process (PID=8281) to work on /home/kmh/de_basic/airflow/dags/web_crawling_to_csv.py
[2025-06-20T02:08:40.370+0000] {processor.py:830} INFO - Processing file /home/kmh/de_basic/airflow/dags/web_crawling_to_csv.py for tasks to queue
[2025-06-20T02:08:40.371+0000] {logging_mixin.py:188} INFO - [2025-06-20T02:08:40.370+0000] {dagbag.py:538} INFO - Filling up the DagBag from /home/kmh/de_basic/airflow/dags/web_crawling_to_csv.py
[2025-06-20T02:08:40.709+0000] {processor.py:840} INFO - DAG(s) 'crawl_quotes_to_csv2' retrieved from /home/kmh/de_basic/airflow/dags/web_crawling_to_csv.py
[2025-06-20T02:08:40.713+0000] {logging_mixin.py:188} INFO - [2025-06-20T02:08:40.712+0000] {dag.py:3033} INFO - Sync 1 DAGs
[2025-06-20T02:08:40.722+0000] {logging_mixin.py:188} INFO - [2025-06-20T02:08:40.722+0000] {dag.py:3820} INFO - Setting next_dagrun for crawl_quotes_to_csv2 to 2025-06-20T02:07:00+00:00, run_after=2025-06-20T02:08:00+00:00
[2025-06-20T02:08:40.743+0000] {processor.py:183} INFO - Processing /home/kmh/de_basic/airflow/dags/web_crawling_to_csv.py took 0.376 seconds
[2025-06-20T02:09:57.622+0000] {processor.py:161} INFO - Started process (PID=8592) to work on /home/kmh/de_basic/airflow/dags/web_crawling_to_csv.py
[2025-06-20T02:09:57.623+0000] {processor.py:830} INFO - Processing file /home/kmh/de_basic/airflow/dags/web_crawling_to_csv.py for tasks to queue
[2025-06-20T02:09:57.623+0000] {logging_mixin.py:188} INFO - [2025-06-20T02:09:57.623+0000] {dagbag.py:538} INFO - Filling up the DagBag from /home/kmh/de_basic/airflow/dags/web_crawling_to_csv.py
[2025-06-20T02:09:57.956+0000] {processor.py:840} INFO - DAG(s) 'crawl_quotes_to_csv2' retrieved from /home/kmh/de_basic/airflow/dags/web_crawling_to_csv.py
[2025-06-20T02:09:57.959+0000] {logging_mixin.py:188} INFO - [2025-06-20T02:09:57.959+0000] {dag.py:3033} INFO - Sync 1 DAGs
[2025-06-20T02:09:57.968+0000] {logging_mixin.py:188} INFO - [2025-06-20T02:09:57.968+0000] {dag.py:3820} INFO - Setting next_dagrun for crawl_quotes_to_csv2 to 2025-06-20T02:08:00+00:00, run_after=2025-06-20T02:09:00+00:00
[2025-06-20T02:09:57.992+0000] {processor.py:183} INFO - Processing /home/kmh/de_basic/airflow/dags/web_crawling_to_csv.py took 0.373 seconds
[2025-06-20T02:10:28.636+0000] {processor.py:161} INFO - Started process (PID=8917) to work on /home/kmh/de_basic/airflow/dags/web_crawling_to_csv.py
[2025-06-20T02:10:28.637+0000] {processor.py:830} INFO - Processing file /home/kmh/de_basic/airflow/dags/web_crawling_to_csv.py for tasks to queue
[2025-06-20T02:10:28.638+0000] {logging_mixin.py:188} INFO - [2025-06-20T02:10:28.637+0000] {dagbag.py:538} INFO - Filling up the DagBag from /home/kmh/de_basic/airflow/dags/web_crawling_to_csv.py
[2025-06-20T02:10:28.960+0000] {processor.py:840} INFO - DAG(s) 'crawl_quotes_to_csv2' retrieved from /home/kmh/de_basic/airflow/dags/web_crawling_to_csv.py
[2025-06-20T02:10:28.997+0000] {logging_mixin.py:188} INFO - [2025-06-20T02:10:28.997+0000] {dag.py:3033} INFO - Sync 1 DAGs
[2025-06-20T02:10:29.004+0000] {logging_mixin.py:188} INFO - [2025-06-20T02:10:29.004+0000] {dag.py:3820} INFO - Setting next_dagrun for crawl_quotes_to_csv2 to 2025-06-20T02:10:00+00:00, run_after=2025-06-20T02:11:00+00:00
[2025-06-20T02:10:29.032+0000] {processor.py:183} INFO - Processing /home/kmh/de_basic/airflow/dags/web_crawling_to_csv.py took 0.398 seconds
[2025-06-20T02:10:59.473+0000] {processor.py:161} INFO - Started process (PID=8988) to work on /home/kmh/de_basic/airflow/dags/web_crawling_to_csv.py
[2025-06-20T02:10:59.475+0000] {processor.py:830} INFO - Processing file /home/kmh/de_basic/airflow/dags/web_crawling_to_csv.py for tasks to queue
[2025-06-20T02:10:59.476+0000] {logging_mixin.py:188} INFO - [2025-06-20T02:10:59.475+0000] {dagbag.py:538} INFO - Filling up the DagBag from /home/kmh/de_basic/airflow/dags/web_crawling_to_csv.py
[2025-06-20T02:10:59.804+0000] {processor.py:840} INFO - DAG(s) 'crawl_quotes_to_csv2' retrieved from /home/kmh/de_basic/airflow/dags/web_crawling_to_csv.py
[2025-06-20T02:10:59.813+0000] {logging_mixin.py:188} INFO - [2025-06-20T02:10:59.812+0000] {dag.py:3033} INFO - Sync 1 DAGs
[2025-06-20T02:10:59.821+0000] {logging_mixin.py:188} INFO - [2025-06-20T02:10:59.821+0000] {dag.py:3820} INFO - Setting next_dagrun for crawl_quotes_to_csv2 to 2025-06-20T02:10:00+00:00, run_after=2025-06-20T02:11:00+00:00
[2025-06-20T02:10:59.841+0000] {processor.py:183} INFO - Processing /home/kmh/de_basic/airflow/dags/web_crawling_to_csv.py took 0.370 seconds
[2025-06-20T02:11:29.944+0000] {processor.py:161} INFO - Started process (PID=9112) to work on /home/kmh/de_basic/airflow/dags/web_crawling_to_csv.py
[2025-06-20T02:11:29.945+0000] {processor.py:830} INFO - Processing file /home/kmh/de_basic/airflow/dags/web_crawling_to_csv.py for tasks to queue
[2025-06-20T02:11:29.945+0000] {logging_mixin.py:188} INFO - [2025-06-20T02:11:29.945+0000] {dagbag.py:538} INFO - Filling up the DagBag from /home/kmh/de_basic/airflow/dags/web_crawling_to_csv.py
[2025-06-20T02:11:30.274+0000] {processor.py:840} INFO - DAG(s) 'crawl_quotes_to_csv2' retrieved from /home/kmh/de_basic/airflow/dags/web_crawling_to_csv.py
[2025-06-20T02:11:30.282+0000] {logging_mixin.py:188} INFO - [2025-06-20T02:11:30.282+0000] {dag.py:3033} INFO - Sync 1 DAGs
[2025-06-20T02:11:30.290+0000] {logging_mixin.py:188} INFO - [2025-06-20T02:11:30.290+0000] {dag.py:3820} INFO - Setting next_dagrun for crawl_quotes_to_csv2 to 2025-06-20T02:11:00+00:00, run_after=2025-06-20T02:12:00+00:00
[2025-06-20T02:11:30.308+0000] {processor.py:183} INFO - Processing /home/kmh/de_basic/airflow/dags/web_crawling_to_csv.py took 0.366 seconds
[2025-06-20T02:12:24.787+0000] {processor.py:161} INFO - Started process (PID=9229) to work on /home/kmh/de_basic/airflow/dags/web_crawling_to_csv.py
[2025-06-20T02:12:24.788+0000] {processor.py:830} INFO - Processing file /home/kmh/de_basic/airflow/dags/web_crawling_to_csv.py for tasks to queue
[2025-06-20T02:12:24.788+0000] {logging_mixin.py:188} INFO - [2025-06-20T02:12:24.788+0000] {dagbag.py:538} INFO - Filling up the DagBag from /home/kmh/de_basic/airflow/dags/web_crawling_to_csv.py
[2025-06-20T02:12:25.119+0000] {processor.py:840} INFO - DAG(s) 'crawl_quotes_to_csv2' retrieved from /home/kmh/de_basic/airflow/dags/web_crawling_to_csv.py
[2025-06-20T02:12:25.122+0000] {logging_mixin.py:188} INFO - [2025-06-20T02:12:25.122+0000] {dag.py:3033} INFO - Sync 1 DAGs
[2025-06-20T02:12:25.131+0000] {logging_mixin.py:188} INFO - [2025-06-20T02:12:25.131+0000] {dag.py:3820} INFO - Setting next_dagrun for crawl_quotes_to_csv2 to 2025-06-20T02:11:00+00:00, run_after=2025-06-20T02:12:00+00:00
[2025-06-20T02:12:25.150+0000] {processor.py:183} INFO - Processing /home/kmh/de_basic/airflow/dags/web_crawling_to_csv.py took 0.365 seconds
[2025-06-20T02:15:28.958+0000] {processor.py:161} INFO - Started process (PID=9578) to work on /home/kmh/de_basic/airflow/dags/web_crawling_to_csv.py
[2025-06-20T02:15:28.960+0000] {processor.py:830} INFO - Processing file /home/kmh/de_basic/airflow/dags/web_crawling_to_csv.py for tasks to queue
[2025-06-20T02:15:28.960+0000] {logging_mixin.py:188} INFO - [2025-06-20T02:15:28.960+0000] {dagbag.py:538} INFO - Filling up the DagBag from /home/kmh/de_basic/airflow/dags/web_crawling_to_csv.py
[2025-06-20T02:15:29.301+0000] {processor.py:840} INFO - DAG(s) 'crawl_quotes_to_csv2' retrieved from /home/kmh/de_basic/airflow/dags/web_crawling_to_csv.py
[2025-06-20T02:15:29.305+0000] {logging_mixin.py:188} INFO - [2025-06-20T02:15:29.304+0000] {dag.py:3033} INFO - Sync 1 DAGs
[2025-06-20T02:15:29.314+0000] {logging_mixin.py:188} INFO - [2025-06-20T02:15:29.314+0000] {dag.py:3820} INFO - Setting next_dagrun for crawl_quotes_to_csv2 to 2025-06-20T02:14:00+00:00, run_after=2025-06-20T02:15:00+00:00
[2025-06-20T02:15:29.333+0000] {processor.py:183} INFO - Processing /home/kmh/de_basic/airflow/dags/web_crawling_to_csv.py took 0.379 seconds
[2025-06-20T02:16:00.176+0000] {processor.py:161} INFO - Started process (PID=9848) to work on /home/kmh/de_basic/airflow/dags/web_crawling_to_csv.py
[2025-06-20T02:16:00.177+0000] {processor.py:830} INFO - Processing file /home/kmh/de_basic/airflow/dags/web_crawling_to_csv.py for tasks to queue
[2025-06-20T02:16:00.177+0000] {logging_mixin.py:188} INFO - [2025-06-20T02:16:00.177+0000] {dagbag.py:538} INFO - Filling up the DagBag from /home/kmh/de_basic/airflow/dags/web_crawling_to_csv.py
[2025-06-20T02:16:00.517+0000] {processor.py:840} INFO - DAG(s) 'crawl_quotes_to_csv2' retrieved from /home/kmh/de_basic/airflow/dags/web_crawling_to_csv.py
[2025-06-20T02:16:00.558+0000] {logging_mixin.py:188} INFO - [2025-06-20T02:16:00.558+0000] {dag.py:3033} INFO - Sync 1 DAGs
[2025-06-20T02:16:00.565+0000] {logging_mixin.py:188} INFO - [2025-06-20T02:16:00.565+0000] {dag.py:3820} INFO - Setting next_dagrun for crawl_quotes_to_csv2 to 2025-06-20T02:15:00+00:00, run_after=2025-06-20T02:16:00+00:00
[2025-06-20T02:16:00.585+0000] {processor.py:183} INFO - Processing /home/kmh/de_basic/airflow/dags/web_crawling_to_csv.py took 0.412 seconds
[2025-06-20T02:16:31.543+0000] {processor.py:161} INFO - Started process (PID=9987) to work on /home/kmh/de_basic/airflow/dags/web_crawling_to_csv.py
[2025-06-20T02:16:31.544+0000] {processor.py:830} INFO - Processing file /home/kmh/de_basic/airflow/dags/web_crawling_to_csv.py for tasks to queue
[2025-06-20T02:16:31.545+0000] {logging_mixin.py:188} INFO - [2025-06-20T02:16:31.545+0000] {dagbag.py:538} INFO - Filling up the DagBag from /home/kmh/de_basic/airflow/dags/web_crawling_to_csv.py
[2025-06-20T02:16:31.857+0000] {processor.py:840} INFO - DAG(s) 'crawl_quotes_to_csv2' retrieved from /home/kmh/de_basic/airflow/dags/web_crawling_to_csv.py
[2025-06-20T02:16:31.865+0000] {logging_mixin.py:188} INFO - [2025-06-20T02:16:31.865+0000] {dag.py:3033} INFO - Sync 1 DAGs
[2025-06-20T02:16:31.874+0000] {logging_mixin.py:188} INFO - [2025-06-20T02:16:31.874+0000] {dag.py:3820} INFO - Setting next_dagrun for crawl_quotes_to_csv2 to 2025-06-20T02:16:00+00:00, run_after=2025-06-20T02:17:00+00:00
[2025-06-20T02:16:31.890+0000] {processor.py:183} INFO - Processing /home/kmh/de_basic/airflow/dags/web_crawling_to_csv.py took 0.352 seconds
[2025-06-20T02:36:08.690+0000] {processor.py:161} INFO - Started process (PID=10233) to work on /home/kmh/de_basic/airflow/dags/web_crawling_to_csv.py
[2025-06-20T02:36:08.691+0000] {processor.py:830} INFO - Processing file /home/kmh/de_basic/airflow/dags/web_crawling_to_csv.py for tasks to queue
[2025-06-20T02:36:08.692+0000] {logging_mixin.py:188} INFO - [2025-06-20T02:36:08.692+0000] {dagbag.py:538} INFO - Filling up the DagBag from /home/kmh/de_basic/airflow/dags/web_crawling_to_csv.py
[2025-06-20T02:36:09.085+0000] {processor.py:840} INFO - DAG(s) 'crawl_quotes_to_csv2' retrieved from /home/kmh/de_basic/airflow/dags/web_crawling_to_csv.py
[2025-06-20T02:36:09.088+0000] {logging_mixin.py:188} INFO - [2025-06-20T02:36:09.088+0000] {dag.py:3033} INFO - Sync 1 DAGs
[2025-06-20T02:36:09.097+0000] {logging_mixin.py:188} INFO - [2025-06-20T02:36:09.097+0000] {dag.py:3820} INFO - Setting next_dagrun for crawl_quotes_to_csv2 to 2025-06-20T02:35:00+00:00, run_after=2025-06-20T02:36:00+00:00
[2025-06-20T02:36:09.120+0000] {processor.py:183} INFO - Processing /home/kmh/de_basic/airflow/dags/web_crawling_to_csv.py took 0.432 seconds
[2025-06-20T02:36:40.048+0000] {processor.py:161} INFO - Started process (PID=10508) to work on /home/kmh/de_basic/airflow/dags/web_crawling_to_csv.py
[2025-06-20T02:36:40.049+0000] {processor.py:830} INFO - Processing file /home/kmh/de_basic/airflow/dags/web_crawling_to_csv.py for tasks to queue
[2025-06-20T02:36:40.050+0000] {logging_mixin.py:188} INFO - [2025-06-20T02:36:40.050+0000] {dagbag.py:538} INFO - Filling up the DagBag from /home/kmh/de_basic/airflow/dags/web_crawling_to_csv.py
[2025-06-20T02:36:40.401+0000] {processor.py:840} INFO - DAG(s) 'crawl_quotes_to_csv2' retrieved from /home/kmh/de_basic/airflow/dags/web_crawling_to_csv.py
[2025-06-20T02:36:40.446+0000] {logging_mixin.py:188} INFO - [2025-06-20T02:36:40.446+0000] {dag.py:3033} INFO - Sync 1 DAGs
[2025-06-20T02:36:40.454+0000] {logging_mixin.py:188} INFO - [2025-06-20T02:36:40.454+0000] {dag.py:3820} INFO - Setting next_dagrun for crawl_quotes_to_csv2 to 2025-06-20T02:36:00+00:00, run_after=2025-06-20T02:37:00+00:00
[2025-06-20T02:36:40.475+0000] {processor.py:183} INFO - Processing /home/kmh/de_basic/airflow/dags/web_crawling_to_csv.py took 0.429 seconds
[2025-06-20T02:37:11.413+0000] {processor.py:161} INFO - Started process (PID=10798) to work on /home/kmh/de_basic/airflow/dags/web_crawling_to_csv.py
[2025-06-20T02:37:11.415+0000] {processor.py:830} INFO - Processing file /home/kmh/de_basic/airflow/dags/web_crawling_to_csv.py for tasks to queue
[2025-06-20T02:37:11.416+0000] {logging_mixin.py:188} INFO - [2025-06-20T02:37:11.416+0000] {dagbag.py:538} INFO - Filling up the DagBag from /home/kmh/de_basic/airflow/dags/web_crawling_to_csv.py
[2025-06-20T02:37:11.746+0000] {processor.py:840} INFO - DAG(s) 'crawl_quotes_to_csv2' retrieved from /home/kmh/de_basic/airflow/dags/web_crawling_to_csv.py
[2025-06-20T02:37:11.755+0000] {logging_mixin.py:188} INFO - [2025-06-20T02:37:11.755+0000] {dag.py:3033} INFO - Sync 1 DAGs
[2025-06-20T02:37:11.764+0000] {logging_mixin.py:188} INFO - [2025-06-20T02:37:11.764+0000] {dag.py:3820} INFO - Setting next_dagrun for crawl_quotes_to_csv2 to 2025-06-20T02:37:00+00:00, run_after=2025-06-20T02:38:00+00:00
[2025-06-20T02:37:11.786+0000] {processor.py:183} INFO - Processing /home/kmh/de_basic/airflow/dags/web_crawling_to_csv.py took 0.375 seconds
[2025-06-20T02:37:42.724+0000] {processor.py:161} INFO - Started process (PID=10826) to work on /home/kmh/de_basic/airflow/dags/web_crawling_to_csv.py
[2025-06-20T02:37:42.726+0000] {processor.py:830} INFO - Processing file /home/kmh/de_basic/airflow/dags/web_crawling_to_csv.py for tasks to queue
[2025-06-20T02:37:42.728+0000] {logging_mixin.py:188} INFO - [2025-06-20T02:37:42.727+0000] {dagbag.py:538} INFO - Filling up the DagBag from /home/kmh/de_basic/airflow/dags/web_crawling_to_csv.py
[2025-06-20T02:37:43.036+0000] {processor.py:840} INFO - DAG(s) 'crawl_quotes_to_csv2' retrieved from /home/kmh/de_basic/airflow/dags/web_crawling_to_csv.py
[2025-06-20T02:37:43.046+0000] {logging_mixin.py:188} INFO - [2025-06-20T02:37:43.045+0000] {dag.py:3033} INFO - Sync 1 DAGs
[2025-06-20T02:37:43.054+0000] {logging_mixin.py:188} INFO - [2025-06-20T02:37:43.054+0000] {dag.py:3820} INFO - Setting next_dagrun for crawl_quotes_to_csv2 to 2025-06-20T02:37:00+00:00, run_after=2025-06-20T02:38:00+00:00
[2025-06-20T02:37:43.070+0000] {processor.py:183} INFO - Processing /home/kmh/de_basic/airflow/dags/web_crawling_to_csv.py took 0.348 seconds
[2025-06-20T02:38:14.068+0000] {processor.py:161} INFO - Started process (PID=11001) to work on /home/kmh/de_basic/airflow/dags/web_crawling_to_csv.py
[2025-06-20T02:38:14.077+0000] {processor.py:830} INFO - Processing file /home/kmh/de_basic/airflow/dags/web_crawling_to_csv.py for tasks to queue
[2025-06-20T02:38:14.078+0000] {logging_mixin.py:188} INFO - [2025-06-20T02:38:14.078+0000] {dagbag.py:538} INFO - Filling up the DagBag from /home/kmh/de_basic/airflow/dags/web_crawling_to_csv.py
[2025-06-20T02:38:14.388+0000] {processor.py:840} INFO - DAG(s) 'crawl_quotes_to_csv2' retrieved from /home/kmh/de_basic/airflow/dags/web_crawling_to_csv.py
[2025-06-20T02:38:14.396+0000] {logging_mixin.py:188} INFO - [2025-06-20T02:38:14.396+0000] {dag.py:3033} INFO - Sync 1 DAGs
[2025-06-20T02:38:14.405+0000] {logging_mixin.py:188} INFO - [2025-06-20T02:38:14.405+0000] {dag.py:3820} INFO - Setting next_dagrun for crawl_quotes_to_csv2 to 2025-06-20T02:38:00+00:00, run_after=2025-06-20T02:39:00+00:00
[2025-06-20T02:38:14.426+0000] {processor.py:183} INFO - Processing /home/kmh/de_basic/airflow/dags/web_crawling_to_csv.py took 0.360 seconds
[2025-06-20T02:38:45.306+0000] {processor.py:161} INFO - Started process (PID=11005) to work on /home/kmh/de_basic/airflow/dags/web_crawling_to_csv.py
[2025-06-20T02:38:45.306+0000] {processor.py:830} INFO - Processing file /home/kmh/de_basic/airflow/dags/web_crawling_to_csv.py for tasks to queue
[2025-06-20T02:38:45.307+0000] {logging_mixin.py:188} INFO - [2025-06-20T02:38:45.306+0000] {dagbag.py:538} INFO - Filling up the DagBag from /home/kmh/de_basic/airflow/dags/web_crawling_to_csv.py
[2025-06-20T02:38:45.629+0000] {processor.py:840} INFO - DAG(s) 'crawl_quotes_to_csv2' retrieved from /home/kmh/de_basic/airflow/dags/web_crawling_to_csv.py
[2025-06-20T02:38:45.637+0000] {logging_mixin.py:188} INFO - [2025-06-20T02:38:45.636+0000] {dag.py:3033} INFO - Sync 1 DAGs
[2025-06-20T02:38:45.645+0000] {logging_mixin.py:188} INFO - [2025-06-20T02:38:45.645+0000] {dag.py:3820} INFO - Setting next_dagrun for crawl_quotes_to_csv2 to 2025-06-20T02:38:00+00:00, run_after=2025-06-20T02:39:00+00:00
[2025-06-20T02:38:45.663+0000] {processor.py:183} INFO - Processing /home/kmh/de_basic/airflow/dags/web_crawling_to_csv.py took 0.359 seconds
[2025-06-20T02:39:16.168+0000] {processor.py:161} INFO - Started process (PID=11129) to work on /home/kmh/de_basic/airflow/dags/web_crawling_to_csv.py
[2025-06-20T02:39:16.169+0000] {processor.py:830} INFO - Processing file /home/kmh/de_basic/airflow/dags/web_crawling_to_csv.py for tasks to queue
[2025-06-20T02:39:16.170+0000] {logging_mixin.py:188} INFO - [2025-06-20T02:39:16.170+0000] {dagbag.py:538} INFO - Filling up the DagBag from /home/kmh/de_basic/airflow/dags/web_crawling_to_csv.py
[2025-06-20T02:39:16.507+0000] {processor.py:840} INFO - DAG(s) 'crawl_quotes_to_csv2' retrieved from /home/kmh/de_basic/airflow/dags/web_crawling_to_csv.py
[2025-06-20T02:39:16.516+0000] {logging_mixin.py:188} INFO - [2025-06-20T02:39:16.516+0000] {dag.py:3033} INFO - Sync 1 DAGs
[2025-06-20T02:39:16.528+0000] {logging_mixin.py:188} INFO - [2025-06-20T02:39:16.528+0000] {dag.py:3820} INFO - Setting next_dagrun for crawl_quotes_to_csv2 to 2025-06-20T02:39:00+00:00, run_after=2025-06-20T02:40:00+00:00
[2025-06-20T02:39:16.549+0000] {processor.py:183} INFO - Processing /home/kmh/de_basic/airflow/dags/web_crawling_to_csv.py took 0.383 seconds
[2025-06-20T02:39:46.980+0000] {processor.py:161} INFO - Started process (PID=11134) to work on /home/kmh/de_basic/airflow/dags/web_crawling_to_csv.py
[2025-06-20T02:39:46.980+0000] {processor.py:830} INFO - Processing file /home/kmh/de_basic/airflow/dags/web_crawling_to_csv.py for tasks to queue
[2025-06-20T02:39:46.981+0000] {logging_mixin.py:188} INFO - [2025-06-20T02:39:46.981+0000] {dagbag.py:538} INFO - Filling up the DagBag from /home/kmh/de_basic/airflow/dags/web_crawling_to_csv.py
[2025-06-20T02:39:47.300+0000] {processor.py:840} INFO - DAG(s) 'crawl_quotes_to_csv2' retrieved from /home/kmh/de_basic/airflow/dags/web_crawling_to_csv.py
[2025-06-20T02:39:47.308+0000] {logging_mixin.py:188} INFO - [2025-06-20T02:39:47.308+0000] {dag.py:3033} INFO - Sync 1 DAGs
[2025-06-20T02:39:47.317+0000] {logging_mixin.py:188} INFO - [2025-06-20T02:39:47.317+0000] {dag.py:3820} INFO - Setting next_dagrun for crawl_quotes_to_csv2 to 2025-06-20T02:39:00+00:00, run_after=2025-06-20T02:40:00+00:00
[2025-06-20T02:39:47.330+0000] {processor.py:183} INFO - Processing /home/kmh/de_basic/airflow/dags/web_crawling_to_csv.py took 0.352 seconds
[2025-06-20T02:40:18.057+0000] {processor.py:161} INFO - Started process (PID=11251) to work on /home/kmh/de_basic/airflow/dags/web_crawling_to_csv.py
[2025-06-20T02:40:18.063+0000] {processor.py:830} INFO - Processing file /home/kmh/de_basic/airflow/dags/web_crawling_to_csv.py for tasks to queue
[2025-06-20T02:40:18.065+0000] {logging_mixin.py:188} INFO - [2025-06-20T02:40:18.063+0000] {dagbag.py:538} INFO - Filling up the DagBag from /home/kmh/de_basic/airflow/dags/web_crawling_to_csv.py
[2025-06-20T02:40:18.379+0000] {processor.py:840} INFO - DAG(s) 'crawl_quotes_to_csv2' retrieved from /home/kmh/de_basic/airflow/dags/web_crawling_to_csv.py
[2025-06-20T02:40:18.387+0000] {logging_mixin.py:188} INFO - [2025-06-20T02:40:18.386+0000] {dag.py:3033} INFO - Sync 1 DAGs
[2025-06-20T02:40:18.396+0000] {logging_mixin.py:188} INFO - [2025-06-20T02:40:18.396+0000] {dag.py:3820} INFO - Setting next_dagrun for crawl_quotes_to_csv2 to 2025-06-20T02:40:00+00:00, run_after=2025-06-20T02:41:00+00:00
[2025-06-20T02:40:18.416+0000] {processor.py:183} INFO - Processing /home/kmh/de_basic/airflow/dags/web_crawling_to_csv.py took 0.363 seconds
[2025-06-20T02:40:49.275+0000] {processor.py:161} INFO - Started process (PID=11255) to work on /home/kmh/de_basic/airflow/dags/web_crawling_to_csv.py
[2025-06-20T02:40:49.277+0000] {processor.py:830} INFO - Processing file /home/kmh/de_basic/airflow/dags/web_crawling_to_csv.py for tasks to queue
[2025-06-20T02:40:49.277+0000] {logging_mixin.py:188} INFO - [2025-06-20T02:40:49.277+0000] {dagbag.py:538} INFO - Filling up the DagBag from /home/kmh/de_basic/airflow/dags/web_crawling_to_csv.py
[2025-06-20T02:40:49.579+0000] {processor.py:840} INFO - DAG(s) 'crawl_quotes_to_csv2' retrieved from /home/kmh/de_basic/airflow/dags/web_crawling_to_csv.py
[2025-06-20T02:40:49.587+0000] {logging_mixin.py:188} INFO - [2025-06-20T02:40:49.587+0000] {dag.py:3033} INFO - Sync 1 DAGs
[2025-06-20T02:40:49.596+0000] {logging_mixin.py:188} INFO - [2025-06-20T02:40:49.596+0000] {dag.py:3820} INFO - Setting next_dagrun for crawl_quotes_to_csv2 to 2025-06-20T02:40:00+00:00, run_after=2025-06-20T02:41:00+00:00
[2025-06-20T02:40:49.615+0000] {processor.py:183} INFO - Processing /home/kmh/de_basic/airflow/dags/web_crawling_to_csv.py took 0.343 seconds
[2025-06-20T02:41:20.125+0000] {processor.py:161} INFO - Started process (PID=11418) to work on /home/kmh/de_basic/airflow/dags/web_crawling_to_csv.py
[2025-06-20T02:41:20.127+0000] {processor.py:830} INFO - Processing file /home/kmh/de_basic/airflow/dags/web_crawling_to_csv.py for tasks to queue
[2025-06-20T02:41:20.128+0000] {logging_mixin.py:188} INFO - [2025-06-20T02:41:20.127+0000] {dagbag.py:538} INFO - Filling up the DagBag from /home/kmh/de_basic/airflow/dags/web_crawling_to_csv.py
[2025-06-20T02:41:20.455+0000] {processor.py:840} INFO - DAG(s) 'crawl_quotes_to_csv2' retrieved from /home/kmh/de_basic/airflow/dags/web_crawling_to_csv.py
[2025-06-20T02:41:20.464+0000] {logging_mixin.py:188} INFO - [2025-06-20T02:41:20.464+0000] {dag.py:3033} INFO - Sync 1 DAGs
[2025-06-20T02:41:20.473+0000] {logging_mixin.py:188} INFO - [2025-06-20T02:41:20.473+0000] {dag.py:3820} INFO - Setting next_dagrun for crawl_quotes_to_csv2 to 2025-06-20T02:41:00+00:00, run_after=2025-06-20T02:42:00+00:00
[2025-06-20T02:41:20.487+0000] {processor.py:183} INFO - Processing /home/kmh/de_basic/airflow/dags/web_crawling_to_csv.py took 0.367 seconds
[2025-06-20T02:41:50.741+0000] {processor.py:161} INFO - Started process (PID=11423) to work on /home/kmh/de_basic/airflow/dags/web_crawling_to_csv.py
[2025-06-20T02:41:50.743+0000] {processor.py:830} INFO - Processing file /home/kmh/de_basic/airflow/dags/web_crawling_to_csv.py for tasks to queue
[2025-06-20T02:41:50.744+0000] {logging_mixin.py:188} INFO - [2025-06-20T02:41:50.743+0000] {dagbag.py:538} INFO - Filling up the DagBag from /home/kmh/de_basic/airflow/dags/web_crawling_to_csv.py
[2025-06-20T02:41:51.043+0000] {processor.py:840} INFO - DAG(s) 'crawl_quotes_to_csv2' retrieved from /home/kmh/de_basic/airflow/dags/web_crawling_to_csv.py
[2025-06-20T02:41:51.052+0000] {logging_mixin.py:188} INFO - [2025-06-20T02:41:51.052+0000] {dag.py:3033} INFO - Sync 1 DAGs
[2025-06-20T02:41:51.062+0000] {logging_mixin.py:188} INFO - [2025-06-20T02:41:51.061+0000] {dag.py:3820} INFO - Setting next_dagrun for crawl_quotes_to_csv2 to 2025-06-20T02:41:00+00:00, run_after=2025-06-20T02:42:00+00:00
[2025-06-20T02:41:51.074+0000] {processor.py:183} INFO - Processing /home/kmh/de_basic/airflow/dags/web_crawling_to_csv.py took 0.336 seconds
[2025-06-20T02:42:21.645+0000] {processor.py:161} INFO - Started process (PID=11649) to work on /home/kmh/de_basic/airflow/dags/web_crawling_to_csv.py
[2025-06-20T02:42:21.651+0000] {processor.py:830} INFO - Processing file /home/kmh/de_basic/airflow/dags/web_crawling_to_csv.py for tasks to queue
[2025-06-20T02:42:21.651+0000] {logging_mixin.py:188} INFO - [2025-06-20T02:42:21.651+0000] {dagbag.py:538} INFO - Filling up the DagBag from /home/kmh/de_basic/airflow/dags/web_crawling_to_csv.py
[2025-06-20T02:42:21.936+0000] {processor.py:840} INFO - DAG(s) 'crawl_quotes_to_csv2' retrieved from /home/kmh/de_basic/airflow/dags/web_crawling_to_csv.py
[2025-06-20T02:42:21.943+0000] {logging_mixin.py:188} INFO - [2025-06-20T02:42:21.943+0000] {dag.py:3033} INFO - Sync 1 DAGs
[2025-06-20T02:42:21.951+0000] {logging_mixin.py:188} INFO - [2025-06-20T02:42:21.951+0000] {dag.py:3820} INFO - Setting next_dagrun for crawl_quotes_to_csv2 to 2025-06-20T02:42:00+00:00, run_after=2025-06-20T02:43:00+00:00
[2025-06-20T02:42:21.971+0000] {processor.py:183} INFO - Processing /home/kmh/de_basic/airflow/dags/web_crawling_to_csv.py took 0.327 seconds
[2025-06-20T02:42:53.025+0000] {processor.py:161} INFO - Started process (PID=11972) to work on /home/kmh/de_basic/airflow/dags/web_crawling_to_csv.py
[2025-06-20T02:42:53.027+0000] {processor.py:830} INFO - Processing file /home/kmh/de_basic/airflow/dags/web_crawling_to_csv.py for tasks to queue
[2025-06-20T02:42:53.028+0000] {logging_mixin.py:188} INFO - [2025-06-20T02:42:53.027+0000] {dagbag.py:538} INFO - Filling up the DagBag from /home/kmh/de_basic/airflow/dags/web_crawling_to_csv.py
[2025-06-20T02:42:53.316+0000] {processor.py:840} INFO - DAG(s) 'crawl_quotes_to_csv2' retrieved from /home/kmh/de_basic/airflow/dags/web_crawling_to_csv.py
[2025-06-20T02:42:53.324+0000] {logging_mixin.py:188} INFO - [2025-06-20T02:42:53.323+0000] {dag.py:3033} INFO - Sync 1 DAGs
[2025-06-20T02:42:53.332+0000] {logging_mixin.py:188} INFO - [2025-06-20T02:42:53.332+0000] {dag.py:3820} INFO - Setting next_dagrun for crawl_quotes_to_csv2 to 2025-06-20T02:42:00+00:00, run_after=2025-06-20T02:43:00+00:00
[2025-06-20T02:42:53.351+0000] {processor.py:183} INFO - Processing /home/kmh/de_basic/airflow/dags/web_crawling_to_csv.py took 0.329 seconds
[2025-06-20T02:43:23.691+0000] {processor.py:161} INFO - Started process (PID=12134) to work on /home/kmh/de_basic/airflow/dags/web_crawling_to_csv.py
[2025-06-20T02:43:23.692+0000] {processor.py:830} INFO - Processing file /home/kmh/de_basic/airflow/dags/web_crawling_to_csv.py for tasks to queue
[2025-06-20T02:43:23.693+0000] {logging_mixin.py:188} INFO - [2025-06-20T02:43:23.693+0000] {dagbag.py:538} INFO - Filling up the DagBag from /home/kmh/de_basic/airflow/dags/web_crawling_to_csv.py
[2025-06-20T02:43:23.987+0000] {processor.py:840} INFO - DAG(s) 'crawl_quotes_to_csv2' retrieved from /home/kmh/de_basic/airflow/dags/web_crawling_to_csv.py
[2025-06-20T02:43:23.995+0000] {logging_mixin.py:188} INFO - [2025-06-20T02:43:23.995+0000] {dag.py:3033} INFO - Sync 1 DAGs
[2025-06-20T02:43:24.005+0000] {logging_mixin.py:188} INFO - [2025-06-20T02:43:24.005+0000] {dag.py:3820} INFO - Setting next_dagrun for crawl_quotes_to_csv2 to 2025-06-20T02:43:00+00:00, run_after=2025-06-20T02:44:00+00:00
[2025-06-20T02:43:24.026+0000] {processor.py:183} INFO - Processing /home/kmh/de_basic/airflow/dags/web_crawling_to_csv.py took 0.336 seconds
[2025-06-20T02:43:54.302+0000] {processor.py:161} INFO - Started process (PID=12201) to work on /home/kmh/de_basic/airflow/dags/web_crawling_to_csv.py
[2025-06-20T02:43:54.303+0000] {processor.py:830} INFO - Processing file /home/kmh/de_basic/airflow/dags/web_crawling_to_csv.py for tasks to queue
[2025-06-20T02:43:54.304+0000] {logging_mixin.py:188} INFO - [2025-06-20T02:43:54.303+0000] {dagbag.py:538} INFO - Filling up the DagBag from /home/kmh/de_basic/airflow/dags/web_crawling_to_csv.py
[2025-06-20T02:43:54.605+0000] {processor.py:840} INFO - DAG(s) 'crawl_quotes_to_csv2' retrieved from /home/kmh/de_basic/airflow/dags/web_crawling_to_csv.py
[2025-06-20T02:43:54.614+0000] {logging_mixin.py:188} INFO - [2025-06-20T02:43:54.614+0000] {dag.py:3033} INFO - Sync 1 DAGs
[2025-06-20T02:43:54.624+0000] {logging_mixin.py:188} INFO - [2025-06-20T02:43:54.624+0000] {dag.py:3820} INFO - Setting next_dagrun for crawl_quotes_to_csv2 to 2025-06-20T02:43:00+00:00, run_after=2025-06-20T02:44:00+00:00
[2025-06-20T02:43:54.641+0000] {processor.py:183} INFO - Processing /home/kmh/de_basic/airflow/dags/web_crawling_to_csv.py took 0.343 seconds
[2025-06-20T02:44:24.883+0000] {processor.py:161} INFO - Started process (PID=12312) to work on /home/kmh/de_basic/airflow/dags/web_crawling_to_csv.py
[2025-06-20T02:44:24.886+0000] {processor.py:830} INFO - Processing file /home/kmh/de_basic/airflow/dags/web_crawling_to_csv.py for tasks to queue
[2025-06-20T02:44:24.887+0000] {logging_mixin.py:188} INFO - [2025-06-20T02:44:24.886+0000] {dagbag.py:538} INFO - Filling up the DagBag from /home/kmh/de_basic/airflow/dags/web_crawling_to_csv.py
[2025-06-20T02:44:25.179+0000] {processor.py:840} INFO - DAG(s) 'crawl_quotes_to_csv2' retrieved from /home/kmh/de_basic/airflow/dags/web_crawling_to_csv.py
[2025-06-20T02:44:25.188+0000] {logging_mixin.py:188} INFO - [2025-06-20T02:44:25.187+0000] {dag.py:3033} INFO - Sync 1 DAGs
[2025-06-20T02:44:25.196+0000] {logging_mixin.py:188} INFO - [2025-06-20T02:44:25.196+0000] {dag.py:3820} INFO - Setting next_dagrun for crawl_quotes_to_csv2 to 2025-06-20T02:44:00+00:00, run_after=2025-06-20T02:45:00+00:00
[2025-06-20T02:44:25.211+0000] {processor.py:183} INFO - Processing /home/kmh/de_basic/airflow/dags/web_crawling_to_csv.py took 0.331 seconds
[2025-06-20T02:44:55.468+0000] {processor.py:161} INFO - Started process (PID=12316) to work on /home/kmh/de_basic/airflow/dags/web_crawling_to_csv.py
[2025-06-20T02:44:55.470+0000] {processor.py:830} INFO - Processing file /home/kmh/de_basic/airflow/dags/web_crawling_to_csv.py for tasks to queue
[2025-06-20T02:44:55.471+0000] {logging_mixin.py:188} INFO - [2025-06-20T02:44:55.470+0000] {dagbag.py:538} INFO - Filling up the DagBag from /home/kmh/de_basic/airflow/dags/web_crawling_to_csv.py
[2025-06-20T02:44:55.759+0000] {processor.py:840} INFO - DAG(s) 'crawl_quotes_to_csv2' retrieved from /home/kmh/de_basic/airflow/dags/web_crawling_to_csv.py
[2025-06-20T02:44:55.768+0000] {logging_mixin.py:188} INFO - [2025-06-20T02:44:55.768+0000] {dag.py:3033} INFO - Sync 1 DAGs
[2025-06-20T02:44:55.778+0000] {logging_mixin.py:188} INFO - [2025-06-20T02:44:55.778+0000] {dag.py:3820} INFO - Setting next_dagrun for crawl_quotes_to_csv2 to 2025-06-20T02:44:00+00:00, run_after=2025-06-20T02:45:00+00:00
[2025-06-20T02:44:55.791+0000] {processor.py:183} INFO - Processing /home/kmh/de_basic/airflow/dags/web_crawling_to_csv.py took 0.327 seconds
[2025-06-20T02:45:26.011+0000] {processor.py:161} INFO - Started process (PID=12433) to work on /home/kmh/de_basic/airflow/dags/web_crawling_to_csv.py
[2025-06-20T02:45:26.014+0000] {processor.py:830} INFO - Processing file /home/kmh/de_basic/airflow/dags/web_crawling_to_csv.py for tasks to queue
[2025-06-20T02:45:26.014+0000] {logging_mixin.py:188} INFO - [2025-06-20T02:45:26.014+0000] {dagbag.py:538} INFO - Filling up the DagBag from /home/kmh/de_basic/airflow/dags/web_crawling_to_csv.py
[2025-06-20T02:45:26.303+0000] {processor.py:840} INFO - DAG(s) 'crawl_quotes_to_csv2' retrieved from /home/kmh/de_basic/airflow/dags/web_crawling_to_csv.py
[2025-06-20T02:45:26.311+0000] {logging_mixin.py:188} INFO - [2025-06-20T02:45:26.311+0000] {dag.py:3033} INFO - Sync 1 DAGs
[2025-06-20T02:45:26.320+0000] {logging_mixin.py:188} INFO - [2025-06-20T02:45:26.320+0000] {dag.py:3820} INFO - Setting next_dagrun for crawl_quotes_to_csv2 to 2025-06-20T02:45:00+00:00, run_after=2025-06-20T02:46:00+00:00
[2025-06-20T02:45:26.339+0000] {processor.py:183} INFO - Processing /home/kmh/de_basic/airflow/dags/web_crawling_to_csv.py took 0.331 seconds
[2025-06-20T02:45:56.523+0000] {processor.py:161} INFO - Started process (PID=12438) to work on /home/kmh/de_basic/airflow/dags/web_crawling_to_csv.py
[2025-06-20T02:45:56.524+0000] {processor.py:830} INFO - Processing file /home/kmh/de_basic/airflow/dags/web_crawling_to_csv.py for tasks to queue
[2025-06-20T02:45:56.525+0000] {logging_mixin.py:188} INFO - [2025-06-20T02:45:56.525+0000] {dagbag.py:538} INFO - Filling up the DagBag from /home/kmh/de_basic/airflow/dags/web_crawling_to_csv.py
[2025-06-20T02:45:56.833+0000] {processor.py:840} INFO - DAG(s) 'crawl_quotes_to_csv2' retrieved from /home/kmh/de_basic/airflow/dags/web_crawling_to_csv.py
[2025-06-20T02:45:56.841+0000] {logging_mixin.py:188} INFO - [2025-06-20T02:45:56.841+0000] {dag.py:3033} INFO - Sync 1 DAGs
[2025-06-20T02:45:56.850+0000] {logging_mixin.py:188} INFO - [2025-06-20T02:45:56.849+0000] {dag.py:3820} INFO - Setting next_dagrun for crawl_quotes_to_csv2 to 2025-06-20T02:45:00+00:00, run_after=2025-06-20T02:46:00+00:00
[2025-06-20T02:45:56.871+0000] {processor.py:183} INFO - Processing /home/kmh/de_basic/airflow/dags/web_crawling_to_csv.py took 0.349 seconds
