[2025-06-20T01:42:12.609+0000] {manager.py:469} INFO - Processing files using up to 1 processes at a time 
[2025-06-20T01:42:12.610+0000] {manager.py:470} INFO - Process each file at most once every 30 seconds
[2025-06-20T01:42:12.610+0000] {manager.py:471} INFO - Checking for new files in /home/kmh/de_basic/airflow/dags every 300 seconds
[2025-06-20T01:42:12.610+0000] {manager.py:738} INFO - Searching for files in /home/kmh/de_basic/airflow/dags
[2025-06-20T01:42:12.611+0000] {manager.py:741} INFO - There are 1 files in /home/kmh/de_basic/airflow/dags
[2025-06-20T01:42:14.473+0000] {manager.py:879} INFO - 
================================================================================
DAG File Processing Stats

File Path                                               PID    Runtime      # DAGs    # Errors  Last Runtime    Last Run
------------------------------------------------------  -----  ---------  --------  ----------  --------------  -------------------
/home/kmh/de_basic/airflow/dags/web_crawling_to_csv.py                           0           1  1.81s           2025-06-20T01:42:14
================================================================================
[2025-06-20T01:42:45.413+0000] {manager.py:879} INFO - 
================================================================================
DAG File Processing Stats

File Path                                               PID    Runtime      # DAGs    # Errors  Last Runtime    Last Run
------------------------------------------------------  -----  ---------  --------  ----------  --------------  -------------------
/home/kmh/de_basic/airflow/dags/web_crawling_to_csv.py                           0           1  0.44s           2025-06-20T01:42:45
================================================================================
[2025-06-20T01:43:16.730+0000] {manager.py:879} INFO - 
================================================================================
DAG File Processing Stats

File Path                                               PID    Runtime      # DAGs    # Errors  Last Runtime    Last Run
------------------------------------------------------  -----  ---------  --------  ----------  --------------  -------------------
/home/kmh/de_basic/airflow/dags/web_crawling_to_csv.py                           0           1  0.45s           2025-06-20T01:43:16
================================================================================
[2025-06-20T01:43:48.152+0000] {manager.py:879} INFO - 
================================================================================
DAG File Processing Stats

File Path                                               PID    Runtime      # DAGs    # Errors  Last Runtime    Last Run
------------------------------------------------------  -----  ---------  --------  ----------  --------------  -------------------
/home/kmh/de_basic/airflow/dags/web_crawling_to_csv.py                           0           1  0.50s           2025-06-20T01:43:48
================================================================================
[2025-06-20T01:44:19.236+0000] {manager.py:879} INFO - 
================================================================================
DAG File Processing Stats

File Path                                               PID    Runtime      # DAGs    # Errors  Last Runtime    Last Run
------------------------------------------------------  -----  ---------  --------  ----------  --------------  -------------------
/home/kmh/de_basic/airflow/dags/web_crawling_to_csv.py                           0           1  0.42s           2025-06-20T01:44:19
================================================================================
[2025-06-20T01:44:49.839+0000] {manager.py:879} INFO - 
================================================================================
DAG File Processing Stats

File Path                                               PID    Runtime      # DAGs    # Errors  Last Runtime    Last Run
------------------------------------------------------  -----  ---------  --------  ----------  --------------  -------------------
/home/kmh/de_basic/airflow/dags/web_crawling_to_csv.py                           0           1  0.37s           2025-06-20T01:44:49
================================================================================
[2025-06-20T01:45:20.495+0000] {manager.py:879} INFO - 
================================================================================
DAG File Processing Stats

File Path                                               PID    Runtime      # DAGs    # Errors  Last Runtime    Last Run
------------------------------------------------------  -----  ---------  --------  ----------  --------------  -------------------
/home/kmh/de_basic/airflow/dags/web_crawling_to_csv.py                           0           1  0.35s           2025-06-20T01:45:20
================================================================================
[2025-06-20T01:45:45.316+0000] {manager.py:451} INFO - Exiting gracefully upon receiving signal 15
[2025-06-20T01:45:57.066+0000] {manager.py:469} INFO - Processing files using up to 1 processes at a time 
[2025-06-20T01:45:57.066+0000] {manager.py:470} INFO - Process each file at most once every 30 seconds
[2025-06-20T01:45:57.066+0000] {manager.py:471} INFO - Checking for new files in /home/kmh/de_basic/airflow/dags every 300 seconds
[2025-06-20T01:45:57.067+0000] {manager.py:738} INFO - Searching for files in /home/kmh/de_basic/airflow/dags
[2025-06-20T01:45:57.067+0000] {manager.py:741} INFO - There are 1 files in /home/kmh/de_basic/airflow/dags
[2025-06-20T01:45:57.784+0000] {manager.py:879} INFO - 
================================================================================
DAG File Processing Stats

File Path                                               PID    Runtime      # DAGs    # Errors  Last Runtime    Last Run
------------------------------------------------------  -----  ---------  --------  ----------  --------------  -------------------
/home/kmh/de_basic/airflow/dags/web_crawling_to_csv.py                           1           0  0.54s           2025-06-20T01:45:57
================================================================================
[2025-06-20T01:46:29.623+0000] {manager.py:879} INFO - 
================================================================================
DAG File Processing Stats

File Path                                               PID    Runtime      # DAGs    # Errors  Last Runtime    Last Run
------------------------------------------------------  -----  ---------  --------  ----------  --------------  -------------------
/home/kmh/de_basic/airflow/dags/web_crawling_to_csv.py                           1           0  0.45s           2025-06-20T01:46:29
================================================================================
[2025-06-20T01:47:00.754+0000] {manager.py:879} INFO - 
================================================================================
DAG File Processing Stats

File Path                                               PID    Runtime      # DAGs    # Errors  Last Runtime    Last Run
------------------------------------------------------  -----  ---------  --------  ----------  --------------  -------------------
/home/kmh/de_basic/airflow/dags/web_crawling_to_csv.py                           1           0  0.46s           2025-06-20T01:47:00
================================================================================
[2025-06-20T01:47:31.768+0000] {manager.py:879} INFO - 
================================================================================
DAG File Processing Stats

File Path                                               PID    Runtime      # DAGs    # Errors  Last Runtime    Last Run
------------------------------------------------------  -----  ---------  --------  ----------  --------------  -------------------
/home/kmh/de_basic/airflow/dags/web_crawling_to_csv.py                           1           0  0.37s           2025-06-20T01:47:31
================================================================================
[2025-06-20T01:48:03.988+0000] {manager.py:879} INFO - 
================================================================================
DAG File Processing Stats

File Path                                               PID    Runtime      # DAGs    # Errors  Last Runtime    Last Run
------------------------------------------------------  -----  ---------  --------  ----------  --------------  -------------------
/home/kmh/de_basic/airflow/dags/web_crawling_to_csv.py                           1           0  0.49s           2025-06-20T01:48:03
================================================================================
[2025-06-20T01:48:34.743+0000] {manager.py:879} INFO - 
================================================================================
DAG File Processing Stats

File Path                                               PID    Runtime      # DAGs    # Errors  Last Runtime    Last Run
------------------------------------------------------  -----  ---------  --------  ----------  --------------  -------------------
/home/kmh/de_basic/airflow/dags/web_crawling_to_csv.py                           1           0  0.43s           2025-06-20T01:48:34
================================================================================
[2025-06-20T01:49:05.559+0000] {manager.py:879} INFO - 
================================================================================
DAG File Processing Stats

File Path                                               PID    Runtime      # DAGs    # Errors  Last Runtime    Last Run
------------------------------------------------------  -----  ---------  --------  ----------  --------------  -------------------
/home/kmh/de_basic/airflow/dags/web_crawling_to_csv.py                           1           0  0.45s           2025-06-20T01:49:05
================================================================================
[2025-06-20T01:49:36.280+0000] {manager.py:879} INFO - 
================================================================================
DAG File Processing Stats

File Path                                               PID    Runtime      # DAGs    # Errors  Last Runtime    Last Run
------------------------------------------------------  -----  ---------  --------  ----------  --------------  -------------------
/home/kmh/de_basic/airflow/dags/web_crawling_to_csv.py                           1           0  0.45s           2025-06-20T01:49:36
================================================================================
[2025-06-20T01:50:07.349+0000] {manager.py:879} INFO - 
================================================================================
DAG File Processing Stats

File Path                                               PID    Runtime      # DAGs    # Errors  Last Runtime    Last Run
------------------------------------------------------  -----  ---------  --------  ----------  --------------  -------------------
/home/kmh/de_basic/airflow/dags/web_crawling_to_csv.py                           1           0  0.46s           2025-06-20T01:50:07
================================================================================
[2025-06-20T01:50:38.574+0000] {manager.py:879} INFO - 
================================================================================
DAG File Processing Stats

File Path                                               PID    Runtime      # DAGs    # Errors  Last Runtime    Last Run
------------------------------------------------------  -----  ---------  --------  ----------  --------------  -------------------
/home/kmh/de_basic/airflow/dags/web_crawling_to_csv.py                           1           0  0.43s           2025-06-20T01:50:38
================================================================================
[2025-06-20T01:50:57.085+0000] {manager.py:738} INFO - Searching for files in /home/kmh/de_basic/airflow/dags
[2025-06-20T01:50:57.086+0000] {manager.py:741} INFO - There are 1 files in /home/kmh/de_basic/airflow/dags
[2025-06-20T01:51:09.851+0000] {manager.py:879} INFO - 
================================================================================
DAG File Processing Stats

File Path                                               PID    Runtime      # DAGs    # Errors  Last Runtime    Last Run
------------------------------------------------------  -----  ---------  --------  ----------  --------------  -------------------
/home/kmh/de_basic/airflow/dags/web_crawling_to_csv.py                           1           0  0.44s           2025-06-20T01:51:09
================================================================================
[2025-06-20T01:51:40.617+0000] {manager.py:879} INFO - 
================================================================================
DAG File Processing Stats

File Path                                               PID    Runtime      # DAGs    # Errors  Last Runtime    Last Run
------------------------------------------------------  -----  ---------  --------  ----------  --------------  -------------------
/home/kmh/de_basic/airflow/dags/web_crawling_to_csv.py                           1           0  0.45s           2025-06-20T01:51:40
================================================================================
[2025-06-20T01:52:11.151+0000] {manager.py:879} INFO - 
================================================================================
DAG File Processing Stats

File Path                                               PID    Runtime      # DAGs    # Errors  Last Runtime    Last Run
------------------------------------------------------  -----  ---------  --------  ----------  --------------  -------------------
/home/kmh/de_basic/airflow/dags/web_crawling_to_csv.py                           1           0  0.34s           2025-06-20T01:52:11
================================================================================
[2025-06-20T01:52:41.731+0000] {manager.py:879} INFO - 
================================================================================
DAG File Processing Stats

File Path                                               PID    Runtime      # DAGs    # Errors  Last Runtime    Last Run
------------------------------------------------------  -----  ---------  --------  ----------  --------------  -------------------
/home/kmh/de_basic/airflow/dags/web_crawling_to_csv.py                           1           0  0.44s           2025-06-20T01:52:41
================================================================================
[2025-06-20T01:53:12.260+0000] {manager.py:879} INFO - 
================================================================================
DAG File Processing Stats

File Path                                               PID    Runtime      # DAGs    # Errors  Last Runtime    Last Run
------------------------------------------------------  -----  ---------  --------  ----------  --------------  -------------------
/home/kmh/de_basic/airflow/dags/web_crawling_to_csv.py                           1           0  0.45s           2025-06-20T01:53:12
================================================================================
[2025-06-20T01:53:43.548+0000] {manager.py:879} INFO - 
================================================================================
DAG File Processing Stats

File Path                                               PID    Runtime      # DAGs    # Errors  Last Runtime    Last Run
------------------------------------------------------  -----  ---------  --------  ----------  --------------  -------------------
/home/kmh/de_basic/airflow/dags/web_crawling_to_csv.py                           1           0  0.38s           2025-06-20T01:53:43
================================================================================
[2025-06-20T01:54:14.400+0000] {manager.py:879} INFO - 
================================================================================
DAG File Processing Stats

File Path                                               PID    Runtime      # DAGs    # Errors  Last Runtime    Last Run
------------------------------------------------------  -----  ---------  --------  ----------  --------------  -------------------
/home/kmh/de_basic/airflow/dags/web_crawling_to_csv.py                           1           0  0.34s           2025-06-20T01:54:14
================================================================================
[2025-06-20T01:54:44.894+0000] {manager.py:879} INFO - 
================================================================================
DAG File Processing Stats

File Path                                               PID    Runtime      # DAGs    # Errors  Last Runtime    Last Run
------------------------------------------------------  -----  ---------  --------  ----------  --------------  -------------------
/home/kmh/de_basic/airflow/dags/web_crawling_to_csv.py                           1           0  0.34s           2025-06-20T01:54:44
================================================================================
[2025-06-20T01:55:15.476+0000] {manager.py:879} INFO - 
================================================================================
DAG File Processing Stats

File Path                                               PID    Runtime      # DAGs    # Errors  Last Runtime    Last Run
------------------------------------------------------  -----  ---------  --------  ----------  --------------  -------------------
/home/kmh/de_basic/airflow/dags/web_crawling_to_csv.py                           1           0  0.44s           2025-06-20T01:55:15
================================================================================
[2025-06-20T01:55:45.942+0000] {manager.py:879} INFO - 
================================================================================
DAG File Processing Stats

File Path                                               PID    Runtime      # DAGs    # Errors  Last Runtime    Last Run
------------------------------------------------------  -----  ---------  --------  ----------  --------------  -------------------
/home/kmh/de_basic/airflow/dags/web_crawling_to_csv.py                           1           0  0.34s           2025-06-20T01:55:45
================================================================================
[2025-06-20T01:55:57.189+0000] {manager.py:451} INFO - Exiting gracefully upon receiving signal 15
[2025-06-20T02:03:05.100+0000] {manager.py:469} INFO - Processing files using up to 1 processes at a time 
[2025-06-20T02:03:05.101+0000] {manager.py:470} INFO - Process each file at most once every 30 seconds
[2025-06-20T02:03:05.102+0000] {manager.py:471} INFO - Checking for new files in /home/kmh/de_basic/airflow/dags every 300 seconds
[2025-06-20T02:03:05.102+0000] {manager.py:738} INFO - Searching for files in /home/kmh/de_basic/airflow/dags
[2025-06-20T02:03:05.102+0000] {manager.py:741} INFO - There are 1 files in /home/kmh/de_basic/airflow/dags
[2025-06-20T02:03:05.534+0000] {manager.py:879} INFO - 
================================================================================
DAG File Processing Stats

File Path                                               PID    Runtime      # DAGs    # Errors  Last Runtime    Last Run
------------------------------------------------------  -----  ---------  --------  ----------  --------------  -------------------
/home/kmh/de_basic/airflow/dags/web_crawling_to_csv.py                           1           0  0.41s           2025-06-20T02:03:05
================================================================================
[2025-06-20T02:03:36.864+0000] {manager.py:879} INFO - 
================================================================================
DAG File Processing Stats

File Path                                               PID    Runtime      # DAGs    # Errors  Last Runtime    Last Run
------------------------------------------------------  -----  ---------  --------  ----------  --------------  -------------------
/home/kmh/de_basic/airflow/dags/web_crawling_to_csv.py                           1           0  0.44s           2025-06-20T02:03:36
================================================================================
[2025-06-20T02:04:08.316+0000] {manager.py:879} INFO - 
================================================================================
DAG File Processing Stats

File Path                                               PID    Runtime      # DAGs    # Errors  Last Runtime    Last Run
------------------------------------------------------  -----  ---------  --------  ----------  --------------  -------------------
/home/kmh/de_basic/airflow/dags/web_crawling_to_csv.py                           1           0  0.44s           2025-06-20T02:04:08
================================================================================
[2025-06-20T02:04:38.822+0000] {manager.py:879} INFO - 
================================================================================
DAG File Processing Stats

File Path                                               PID    Runtime      # DAGs    # Errors  Last Runtime    Last Run
------------------------------------------------------  -----  ---------  --------  ----------  --------------  -------------------
/home/kmh/de_basic/airflow/dags/web_crawling_to_csv.py                           1           0  0.45s           2025-06-20T02:04:38
================================================================================
[2025-06-20T02:04:40.143+0000] {manager.py:451} INFO - Exiting gracefully upon receiving signal 15
[2025-06-20T02:08:40.337+0000] {manager.py:469} INFO - Processing files using up to 1 processes at a time 
[2025-06-20T02:08:40.338+0000] {manager.py:470} INFO - Process each file at most once every 30 seconds
[2025-06-20T02:08:40.338+0000] {manager.py:471} INFO - Checking for new files in /home/kmh/de_basic/airflow/dags every 300 seconds
[2025-06-20T02:08:40.338+0000] {manager.py:738} INFO - Searching for files in /home/kmh/de_basic/airflow/dags
[2025-06-20T02:08:40.339+0000] {manager.py:741} INFO - There are 1 files in /home/kmh/de_basic/airflow/dags
[2025-06-20T02:08:40.801+0000] {manager.py:879} INFO - 
================================================================================
DAG File Processing Stats

File Path                                               PID    Runtime      # DAGs    # Errors  Last Runtime    Last Run
------------------------------------------------------  -----  ---------  --------  ----------  --------------  -------------------
/home/kmh/de_basic/airflow/dags/web_crawling_to_csv.py                           1           0  0.44s           2025-06-20T02:08:40
================================================================================
[2025-06-20T02:08:59.260+0000] {manager.py:451} INFO - Exiting gracefully upon receiving signal 15
[2025-06-20T02:09:57.590+0000] {manager.py:469} INFO - Processing files using up to 1 processes at a time 
[2025-06-20T02:09:57.592+0000] {manager.py:470} INFO - Process each file at most once every 30 seconds
[2025-06-20T02:09:57.592+0000] {manager.py:471} INFO - Checking for new files in /home/kmh/de_basic/airflow/dags every 300 seconds
[2025-06-20T02:09:57.592+0000] {manager.py:738} INFO - Searching for files in /home/kmh/de_basic/airflow/dags
[2025-06-20T02:09:57.593+0000] {manager.py:741} INFO - There are 1 files in /home/kmh/de_basic/airflow/dags
[2025-06-20T02:09:58.045+0000] {manager.py:879} INFO - 
================================================================================
DAG File Processing Stats

File Path                                               PID    Runtime      # DAGs    # Errors  Last Runtime    Last Run
------------------------------------------------------  -----  ---------  --------  ----------  --------------  -------------------
/home/kmh/de_basic/airflow/dags/web_crawling_to_csv.py                           1           0  0.43s           2025-06-20T02:09:58
================================================================================
[2025-06-20T02:10:29.116+0000] {manager.py:879} INFO - 
================================================================================
DAG File Processing Stats

File Path                                               PID    Runtime      # DAGs    # Errors  Last Runtime    Last Run
------------------------------------------------------  -----  ---------  --------  ----------  --------------  -------------------
/home/kmh/de_basic/airflow/dags/web_crawling_to_csv.py                           1           0  0.49s           2025-06-20T02:10:29
================================================================================
[2025-06-20T02:10:59.900+0000] {manager.py:879} INFO - 
================================================================================
DAG File Processing Stats

File Path                                               PID    Runtime      # DAGs    # Errors  Last Runtime    Last Run
------------------------------------------------------  -----  ---------  --------  ----------  --------------  -------------------
/home/kmh/de_basic/airflow/dags/web_crawling_to_csv.py                           1           0  0.43s           2025-06-20T02:10:59
================================================================================
[2025-06-20T02:11:30.366+0000] {manager.py:879} INFO - 
================================================================================
DAG File Processing Stats

File Path                                               PID    Runtime      # DAGs    # Errors  Last Runtime    Last Run
------------------------------------------------------  -----  ---------  --------  ----------  --------------  -------------------
/home/kmh/de_basic/airflow/dags/web_crawling_to_csv.py                           1           0  0.43s           2025-06-20T02:11:30
================================================================================
[2025-06-20T02:11:32.371+0000] {manager.py:451} INFO - Exiting gracefully upon receiving signal 15
[2025-06-20T02:12:24.757+0000] {manager.py:469} INFO - Processing files using up to 1 processes at a time 
[2025-06-20T02:12:24.758+0000] {manager.py:470} INFO - Process each file at most once every 30 seconds
[2025-06-20T02:12:24.759+0000] {manager.py:471} INFO - Checking for new files in /home/kmh/de_basic/airflow/dags every 300 seconds
[2025-06-20T02:12:24.759+0000] {manager.py:738} INFO - Searching for files in /home/kmh/de_basic/airflow/dags
[2025-06-20T02:12:24.759+0000] {manager.py:741} INFO - There are 1 files in /home/kmh/de_basic/airflow/dags
[2025-06-20T02:12:25.188+0000] {manager.py:879} INFO - 
================================================================================
DAG File Processing Stats

File Path                                               PID    Runtime      # DAGs    # Errors  Last Runtime    Last Run
------------------------------------------------------  -----  ---------  --------  ----------  --------------  -------------------
/home/kmh/de_basic/airflow/dags/web_crawling_to_csv.py                           1           0  0.41s           2025-06-20T02:12:25
================================================================================
[2025-06-20T02:12:38.417+0000] {manager.py:451} INFO - Exiting gracefully upon receiving signal 15
[2025-06-20T02:15:28.926+0000] {manager.py:469} INFO - Processing files using up to 1 processes at a time 
[2025-06-20T02:15:28.926+0000] {manager.py:470} INFO - Process each file at most once every 30 seconds
[2025-06-20T02:15:28.926+0000] {manager.py:471} INFO - Checking for new files in /home/kmh/de_basic/airflow/dags every 300 seconds
[2025-06-20T02:15:28.927+0000] {manager.py:738} INFO - Searching for files in /home/kmh/de_basic/airflow/dags
[2025-06-20T02:15:28.927+0000] {manager.py:741} INFO - There are 1 files in /home/kmh/de_basic/airflow/dags
[2025-06-20T02:15:29.406+0000] {manager.py:879} INFO - 
================================================================================
DAG File Processing Stats

File Path                                               PID    Runtime      # DAGs    # Errors  Last Runtime    Last Run
------------------------------------------------------  -----  ---------  --------  ----------  --------------  -------------------
/home/kmh/de_basic/airflow/dags/web_crawling_to_csv.py                           1           0  0.45s           2025-06-20T02:15:29
================================================================================
[2025-06-20T02:16:00.683+0000] {manager.py:879} INFO - 
================================================================================
DAG File Processing Stats

File Path                                               PID    Runtime      # DAGs    # Errors  Last Runtime    Last Run
------------------------------------------------------  -----  ---------  --------  ----------  --------------  -------------------
/home/kmh/de_basic/airflow/dags/web_crawling_to_csv.py                           1           0  0.52s           2025-06-20T02:16:00
================================================================================
[2025-06-20T02:16:31.989+0000] {manager.py:879} INFO - 
================================================================================
DAG File Processing Stats

File Path                                               PID    Runtime      # DAGs    # Errors  Last Runtime    Last Run
------------------------------------------------------  -----  ---------  --------  ----------  --------------  -------------------
/home/kmh/de_basic/airflow/dags/web_crawling_to_csv.py                           1           0  0.46s           2025-06-20T02:16:31
================================================================================
[2025-06-20T02:17:02.757+0000] {manager.py:451} INFO - Exiting gracefully upon receiving signal 15
[2025-06-20T02:36:08.662+0000] {manager.py:469} INFO - Processing files using up to 1 processes at a time 
[2025-06-20T02:36:08.663+0000] {manager.py:470} INFO - Process each file at most once every 30 seconds
[2025-06-20T02:36:08.663+0000] {manager.py:471} INFO - Checking for new files in /home/kmh/de_basic/airflow/dags every 300 seconds
[2025-06-20T02:36:08.663+0000] {manager.py:738} INFO - Searching for files in /home/kmh/de_basic/airflow/dags
[2025-06-20T02:36:08.664+0000] {manager.py:741} INFO - There are 1 files in /home/kmh/de_basic/airflow/dags
[2025-06-20T02:36:09.222+0000] {manager.py:879} INFO - 
================================================================================
DAG File Processing Stats

File Path                                               PID    Runtime      # DAGs    # Errors  Last Runtime    Last Run
------------------------------------------------------  -----  ---------  --------  ----------  --------------  -------------------
/home/kmh/de_basic/airflow/dags/web_crawling_to_csv.py                           1           0  0.54s           2025-06-20T02:36:09
================================================================================
[2025-06-20T02:36:40.538+0000] {manager.py:879} INFO - 
================================================================================
DAG File Processing Stats

File Path                                               PID    Runtime      # DAGs    # Errors  Last Runtime    Last Run
------------------------------------------------------  -----  ---------  --------  ----------  --------------  -------------------
/home/kmh/de_basic/airflow/dags/web_crawling_to_csv.py                           1           0  0.50s           2025-06-20T02:36:40
================================================================================
[2025-06-20T02:37:11.884+0000] {manager.py:879} INFO - 
================================================================================
DAG File Processing Stats

File Path                                               PID    Runtime      # DAGs    # Errors  Last Runtime    Last Run
------------------------------------------------------  -----  ---------  --------  ----------  --------------  -------------------
/home/kmh/de_basic/airflow/dags/web_crawling_to_csv.py                           1           0  0.48s           2025-06-20T02:37:11
================================================================================
[2025-06-20T02:37:43.125+0000] {manager.py:879} INFO - 
================================================================================
DAG File Processing Stats

File Path                                               PID    Runtime      # DAGs    # Errors  Last Runtime    Last Run
------------------------------------------------------  -----  ---------  --------  ----------  --------------  -------------------
/home/kmh/de_basic/airflow/dags/web_crawling_to_csv.py                           1           0  0.40s           2025-06-20T02:37:43
================================================================================
[2025-06-20T02:38:14.507+0000] {manager.py:879} INFO - 
================================================================================
DAG File Processing Stats

File Path                                               PID    Runtime      # DAGs    # Errors  Last Runtime    Last Run
------------------------------------------------------  -----  ---------  --------  ----------  --------------  -------------------
/home/kmh/de_basic/airflow/dags/web_crawling_to_csv.py                           1           0  0.45s           2025-06-20T02:38:14
================================================================================
[2025-06-20T02:38:45.765+0000] {manager.py:879} INFO - 
================================================================================
DAG File Processing Stats

File Path                                               PID    Runtime      # DAGs    # Errors  Last Runtime    Last Run
------------------------------------------------------  -----  ---------  --------  ----------  --------------  -------------------
/home/kmh/de_basic/airflow/dags/web_crawling_to_csv.py                           1           0  0.47s           2025-06-20T02:38:45
================================================================================
[2025-06-20T02:39:16.637+0000] {manager.py:879} INFO - 
================================================================================
DAG File Processing Stats

File Path                                               PID    Runtime      # DAGs    # Errors  Last Runtime    Last Run
------------------------------------------------------  -----  ---------  --------  ----------  --------------  -------------------
/home/kmh/de_basic/airflow/dags/web_crawling_to_csv.py                           1           0  0.47s           2025-06-20T02:39:16
================================================================================
[2025-06-20T02:39:47.699+0000] {manager.py:879} INFO - 
================================================================================
DAG File Processing Stats

File Path                                               PID    Runtime      # DAGs    # Errors  Last Runtime    Last Run
------------------------------------------------------  -----  ---------  --------  ----------  --------------  -------------------
/home/kmh/de_basic/airflow/dags/web_crawling_to_csv.py                           1           0  0.73s           2025-06-20T02:39:47
================================================================================
[2025-06-20T02:40:18.516+0000] {manager.py:879} INFO - 
================================================================================
DAG File Processing Stats

File Path                                               PID    Runtime      # DAGs    # Errors  Last Runtime    Last Run
------------------------------------------------------  -----  ---------  --------  ----------  --------------  -------------------
/home/kmh/de_basic/airflow/dags/web_crawling_to_csv.py                           1           0  0.47s           2025-06-20T02:40:18
================================================================================
[2025-06-20T02:40:49.700+0000] {manager.py:879} INFO - 
================================================================================
DAG File Processing Stats

File Path                                               PID    Runtime      # DAGs    # Errors  Last Runtime    Last Run
------------------------------------------------------  -----  ---------  --------  ----------  --------------  -------------------
/home/kmh/de_basic/airflow/dags/web_crawling_to_csv.py                           1           0  0.43s           2025-06-20T02:40:49
================================================================================
[2025-06-20T02:41:08.677+0000] {manager.py:738} INFO - Searching for files in /home/kmh/de_basic/airflow/dags
[2025-06-20T02:41:08.679+0000] {manager.py:741} INFO - There are 1 files in /home/kmh/de_basic/airflow/dags
[2025-06-20T02:41:20.536+0000] {manager.py:879} INFO - 
================================================================================
DAG File Processing Stats

File Path                                               PID    Runtime      # DAGs    # Errors  Last Runtime    Last Run
------------------------------------------------------  -----  ---------  --------  ----------  --------------  -------------------
/home/kmh/de_basic/airflow/dags/web_crawling_to_csv.py                           1           0  0.43s           2025-06-20T02:41:20
================================================================================
[2025-06-20T02:41:51.164+0000] {manager.py:879} INFO - 
================================================================================
DAG File Processing Stats

File Path                                               PID    Runtime      # DAGs    # Errors  Last Runtime    Last Run
------------------------------------------------------  -----  ---------  --------  ----------  --------------  -------------------
/home/kmh/de_basic/airflow/dags/web_crawling_to_csv.py                           1           0  0.43s           2025-06-20T02:41:51
================================================================================
[2025-06-20T02:42:22.061+0000] {manager.py:879} INFO - 
================================================================================
DAG File Processing Stats

File Path                                               PID    Runtime      # DAGs    # Errors  Last Runtime    Last Run
------------------------------------------------------  -----  ---------  --------  ----------  --------------  -------------------
/home/kmh/de_basic/airflow/dags/web_crawling_to_csv.py                           1           0  0.42s           2025-06-20T02:42:22
================================================================================
[2025-06-20T02:42:53.450+0000] {manager.py:879} INFO - 
================================================================================
DAG File Processing Stats

File Path                                               PID    Runtime      # DAGs    # Errors  Last Runtime    Last Run
------------------------------------------------------  -----  ---------  --------  ----------  --------------  -------------------
/home/kmh/de_basic/airflow/dags/web_crawling_to_csv.py                           1           0  0.43s           2025-06-20T02:42:53
================================================================================
[2025-06-20T02:43:24.118+0000] {manager.py:879} INFO - 
================================================================================
DAG File Processing Stats

File Path                                               PID    Runtime      # DAGs    # Errors  Last Runtime    Last Run
------------------------------------------------------  -----  ---------  --------  ----------  --------------  -------------------
/home/kmh/de_basic/airflow/dags/web_crawling_to_csv.py                           1           0  0.43s           2025-06-20T02:43:24
================================================================================
[2025-06-20T02:43:54.737+0000] {manager.py:879} INFO - 
================================================================================
DAG File Processing Stats

File Path                                               PID    Runtime      # DAGs    # Errors  Last Runtime    Last Run
------------------------------------------------------  -----  ---------  --------  ----------  --------------  -------------------
/home/kmh/de_basic/airflow/dags/web_crawling_to_csv.py                           1           0  0.45s           2025-06-20T02:43:54
================================================================================
[2025-06-20T02:44:25.310+0000] {manager.py:879} INFO - 
================================================================================
DAG File Processing Stats

File Path                                               PID    Runtime      # DAGs    # Errors  Last Runtime    Last Run
------------------------------------------------------  -----  ---------  --------  ----------  --------------  -------------------
/home/kmh/de_basic/airflow/dags/web_crawling_to_csv.py                           1           0  0.44s           2025-06-20T02:44:25
================================================================================
[2025-06-20T02:44:55.893+0000] {manager.py:879} INFO - 
================================================================================
DAG File Processing Stats

File Path                                               PID    Runtime      # DAGs    # Errors  Last Runtime    Last Run
------------------------------------------------------  -----  ---------  --------  ----------  --------------  -------------------
/home/kmh/de_basic/airflow/dags/web_crawling_to_csv.py                           1           0  0.44s           2025-06-20T02:44:55
================================================================================
[2025-06-20T02:45:26.434+0000] {manager.py:879} INFO - 
================================================================================
DAG File Processing Stats

File Path                                               PID    Runtime      # DAGs    # Errors  Last Runtime    Last Run
------------------------------------------------------  -----  ---------  --------  ----------  --------------  -------------------
/home/kmh/de_basic/airflow/dags/web_crawling_to_csv.py                           1           0  0.43s           2025-06-20T02:45:26
================================================================================
[2025-06-20T02:45:56.962+0000] {manager.py:879} INFO - 
================================================================================
DAG File Processing Stats

File Path                                               PID    Runtime      # DAGs    # Errors  Last Runtime    Last Run
------------------------------------------------------  -----  ---------  --------  ----------  --------------  -------------------
/home/kmh/de_basic/airflow/dags/web_crawling_to_csv.py                           1           0  0.44s           2025-06-20T02:45:56
================================================================================
[2025-06-20T02:46:08.799+0000] {manager.py:451} INFO - Exiting gracefully upon receiving signal 15
